Using pre-set license
Built from '2021.3/staging' branch; Version is '2021.3.3f1 (af2e63e8f9bd) revision 11480675'; Using compiler version '192829333'; Build Type 'Release'
OS: 'Unknown Windows version  (6.2.9200) 64bit CoreSingleLanguage' Language: 'en' Physical Memory: 8057 MB
BatchMode: 1, IsHumanControllingUs: 0, StartBugReporterOnCrash: 0, Is64bit: 1, IsPro: 1

COMMAND LINE ARGUMENTS:
C:\Program Files\Unity\Hub\Editor\2021.3.3f1\Editor\Unity.exe
-adb2
-batchMode
-noUpm
-name
AssetImportWorker2
-projectPath
C:/Users/PC/source/Unity Github/FPS Project/FPS-Project
-logFile
Logs/AssetImportWorker2.log
-srvPort
56580
Successfully changed project path to: C:/Users/PC/source/Unity Github/FPS Project/FPS-Project
C:/Users/PC/source/Unity Github/FPS Project/FPS-Project
[UnityMemory] Configuration Parameters - Can be set up in boot.config
    "memorysetup-bucket-allocator-granularity=16"
    "memorysetup-bucket-allocator-bucket-count=8"
    "memorysetup-bucket-allocator-block-size=33554432"
    "memorysetup-bucket-allocator-block-count=8"
    "memorysetup-main-allocator-block-size=16777216"
    "memorysetup-thread-allocator-block-size=16777216"
    "memorysetup-gfx-main-allocator-block-size=16777216"
    "memorysetup-gfx-thread-allocator-block-size=16777216"
    "memorysetup-cache-allocator-block-size=4194304"
    "memorysetup-typetree-allocator-block-size=2097152"
    "memorysetup-profiler-bucket-allocator-granularity=16"
    "memorysetup-profiler-bucket-allocator-bucket-count=8"
    "memorysetup-profiler-bucket-allocator-block-size=33554432"
    "memorysetup-profiler-bucket-allocator-block-count=8"
    "memorysetup-profiler-allocator-block-size=16777216"
    "memorysetup-profiler-editor-allocator-block-size=1048576"
    "memorysetup-temp-allocator-size-main=16777216"
    "memorysetup-job-temp-allocator-block-size=2097152"
    "memorysetup-job-temp-allocator-block-size-background=1048576"
    "memorysetup-job-temp-allocator-reduction-small-platforms=262144"
    "memorysetup-temp-allocator-size-background-worker=32768"
    "memorysetup-temp-allocator-size-job-worker=262144"
    "memorysetup-temp-allocator-size-preload-manager=33554432"
    "memorysetup-temp-allocator-size-nav-mesh-worker=65536"
    "memorysetup-temp-allocator-size-audio-worker=65536"
    "memorysetup-temp-allocator-size-cloud-worker=32768"
    "memorysetup-temp-allocator-size-gi-baking-worker=262144"
    "memorysetup-temp-allocator-size-gfx=262144"
Refreshing native plugins compatible for Editor in 110.34 ms, found 2 plugins.
Preloading 0 native plugins for Editor in 0.00 ms.
Initialize engine version: 2021.3.3f1 (af2e63e8f9bd)
[Subsystems] Discovering subsystems at path C:/Program Files/Unity/Hub/Editor/2021.3.3f1/Editor/Data/Resources/UnitySubsystems
[Subsystems] Discovering subsystems at path C:/Users/PC/source/Unity Github/FPS Project/FPS-Project/Assets
GfxDevice: creating device client; threaded=0; jobified=0
Direct3D:
    Version:  Direct3D 11.0 [level 11.1]
    Renderer: Intel(R) HD Graphics 620 (ID=0x5916)
    Vendor:   Intel
    VRAM:     4028 MB
    Driver:   23.20.16.4973
Initialize mono
Mono path[0] = 'C:/Program Files/Unity/Hub/Editor/2021.3.3f1/Editor/Data/Managed'
Mono path[1] = 'C:/Program Files/Unity/Hub/Editor/2021.3.3f1/Editor/Data/MonoBleedingEdge/lib/mono/unityjit-win32'
Mono config path = 'C:/Program Files/Unity/Hub/Editor/2021.3.3f1/Editor/Data/MonoBleedingEdge/etc'
Using monoOptions --debugger-agent=transport=dt_socket,embedding=1,server=y,suspend=n,address=127.0.0.1:56036
Begin MonoManager ReloadAssembly
Registering precompiled unity dll's ...
Register platform support module: C:/Program Files/Unity/Hub/Editor/2021.3.3f1/Editor/Data/PlaybackEngines/WindowsStandaloneSupport/UnityEditor.WindowsStandalone.Extensions.dll
Register platform support module: C:/Program Files/Unity/Hub/Editor/2021.3.3f1/Editor/Data/PlaybackEngines/MetroSupport/UnityEditor.UWP.Extensions.dll
Registered in 0.011557 seconds.
Native extension for UWP target not found
Native extension for WindowsStandalone target not found
Refreshing native plugins compatible for Editor in 343.52 ms, found 2 plugins.
Preloading 0 native plugins for Editor in 0.00 ms.
Mono: successfully reloaded assembly
- Completed reload, in  6.061 seconds
Domain Reload Profiling:
	ReloadAssembly (6068ms)
		BeginReloadAssembly (325ms)
			ExecutionOrderSort (0ms)
			DisableScriptedObjects (0ms)
			BackupInstance (0ms)
			ReleaseScriptingObjects (0ms)
			CreateAndSetChildDomain (5ms)
		EndReloadAssembly (4839ms)
			LoadAssemblies (320ms)
			RebuildTransferFunctionScriptingTraits (0ms)
			SetupTypeCache (1108ms)
			ReleaseScriptCaches (0ms)
			RebuildScriptCaches (358ms)
			SetupLoadedEditorAssemblies (2705ms)
				LogAssemblyErrors (0ms)
				InitializePlatformSupportModulesInManaged (110ms)
				SetLoadedEditorAssemblies (5ms)
				RefreshPlugins (344ms)
				BeforeProcessingInitializeOnLoad (19ms)
				ProcessInitializeOnLoadAttributes (1650ms)
				ProcessInitializeOnLoadMethodAttributes (576ms)
				AfterProcessingInitializeOnLoad (0ms)
				EditorAssembliesLoaded (3ms)
			ExecutionOrderSort2 (0ms)
			AwakeInstancesAfterBackupRestoration (0ms)
Platform modules already initialized, skipping
Registering precompiled user dll's ...
Registered in 0.014004 seconds.
Begin MonoManager ReloadAssembly
Native extension for UWP target not found
Native extension for WindowsStandalone target not found
Refreshing native plugins compatible for Editor in 0.80 ms, found 2 plugins.
Preloading 0 native plugins for Editor in 0.00 ms.
Mono: successfully reloaded assembly
- Completed reload, in 17.002 seconds
Domain Reload Profiling:
	ReloadAssembly (17012ms)
		BeginReloadAssembly (1049ms)
			ExecutionOrderSort (0ms)
			DisableScriptedObjects (52ms)
			BackupInstance (0ms)
			ReleaseScriptingObjects (0ms)
			CreateAndSetChildDomain (505ms)
		EndReloadAssembly (15181ms)
			LoadAssemblies (3927ms)
			RebuildTransferFunctionScriptingTraits (0ms)
			SetupTypeCache (4125ms)
			ReleaseScriptCaches (0ms)
			RebuildScriptCaches (204ms)
			SetupLoadedEditorAssemblies (6226ms)
				LogAssemblyErrors (0ms)
				InitializePlatformSupportModulesInManaged (43ms)
				SetLoadedEditorAssemblies (2ms)
				RefreshPlugins (1ms)
				BeforeProcessingInitializeOnLoad (208ms)
				ProcessInitializeOnLoadAttributes (1475ms)
				ProcessInitializeOnLoadMethodAttributes (4472ms)
				AfterProcessingInitializeOnLoad (23ms)
				EditorAssembliesLoaded (2ms)
			ExecutionOrderSort2 (0ms)
			AwakeInstancesAfterBackupRestoration (140ms)
Platform modules already initialized, skipping
========================================================================
Worker process is ready to serve import requests
Launched and connected shader compiler UnityShaderCompiler.exe after 0.10 seconds
Refreshing native plugins compatible for Editor in 0.60 ms, found 2 plugins.
Preloading 0 native plugins for Editor in 0.00 ms.
Unloading 1824 Unused Serialized files (Serialized files now loaded: 0)
Unloading 21 unused Assets / (421.8 KB). Loaded Objects now: 2320.
Memory consumption went from 103.7 MB to 103.3 MB.
Total: 3.962500 ms (FindLiveObjects: 0.228900 ms CreateObjectMapping: 0.100500 ms MarkObjects: 3.319400 ms  DeleteObjects: 0.312600 ms)

AssetImportParameters requested are different than current active one (requested -> active):
  custom:video-decoder-ogg-theora: a1e56fd34408186e4bbccfd4996cb3dc -> 
  custom:container-muxer-webm: aa71ff27fc2769a1b78a27578f13a17b -> 
  custom:container-demuxer-webm: 4f35f7cbe854078d1ac9338744f61a02 -> 
  custom:video-encoder-webm-vp8: eb34c28f22e8b96e1ab97ce403110664 -> 
  custom:video-codec-MediaFoundation-h265: 746d11721c4dcdbdad8f713fa42b33f4 -> 
  custom:audio-encoder-webm-vorbis: bf7c407c2cedff20999df2af8eb42d56 -> 
  custom:framework-win-MediaFoundation: 216162199b28c13a410421893ffa2e32 -> 
  custom:container-demuxer-ogg: 62fdf1f143b41e24485cea50d1cbac27 -> 
  custom:video-decoder-webm-vp8: 9c59270c3fd7afecdb556c50c9e8de78 -> 
  custom:audio-decoder-ogg-vorbis: bf7c407c2cedff20999df2af8eb42d56 -> 
========================================================================
Received Import Request.
  Time since last request: 1532.305720 seconds.
  path: Assets/Medieval_Gold/1_coin.FBX
  artifactKey: Guid(e40fa0edf8a05e246b4f2025b5acdf75) Importer(815301076,1909f56bfc062723c751e8b465ee728b)
Start importing Assets/Medieval_Gold/1_coin.FBX using Guid(e40fa0edf8a05e246b4f2025b5acdf75) Importer(815301076,1909f56bfc062723c751e8b465ee728b)  -> (artifact id: 'ea0922973bda1ea308b10b72e4f94ec6') in 0.889551 seconds 
========================================================================
Received Import Request.
  Time since last request: 0.000052 seconds.
  path: Assets/Medieval_Gold/Gold_Ignots.FBX
  artifactKey: Guid(22d89f75378c5f841a7ab97e49c98b72) Importer(815301076,1909f56bfc062723c751e8b465ee728b)
Start importing Assets/Medieval_Gold/Gold_Ignots.FBX using Guid(22d89f75378c5f841a7ab97e49c98b72) Importer(815301076,1909f56bfc062723c751e8b465ee728b)  -> (artifact id: 'f00a885f8efbc3919b0a20467844c4f8') in 1.821844 seconds 
========================================================================
Received Import Request.
  Time since last request: 0.000045 seconds.
  path: Assets/Medieval_Gold/1_ignot.FBX
  artifactKey: Guid(f61e2c06933fe5145a42eccb1e13acc7) Importer(815301076,1909f56bfc062723c751e8b465ee728b)
Start importing Assets/Medieval_Gold/1_ignot.FBX using Guid(f61e2c06933fe5145a42eccb1e13acc7) Importer(815301076,1909f56bfc062723c751e8b465ee728b)  -> (artifact id: 'e14b9d79229b8365ee13e664b1da71cb') in 0.696995 seconds 
========================================================================
Received Import Request.
  Time since last request: 0.000044 seconds.
  path: Assets/Medieval_Gold/Coins.FBX
  artifactKey: Guid(e5a1087c565204f42969686d1df0633d) Importer(815301076,1909f56bfc062723c751e8b465ee728b)
Start importing Assets/Medieval_Gold/Coins.FBX using Guid(e5a1087c565204f42969686d1df0633d) Importer(815301076,1909f56bfc062723c751e8b465ee728b)  -> (artifact id: '018b7c24a80caa843a049216bf1b7c7b') in 0.540110 seconds 
========================================================================
Received Import Request.
  Time since last request: 0.000038 seconds.
  path: Assets/Medieval_Gold/Gold_notes.rtf
  artifactKey: Guid(d7a4a0971ef0e5d45a4a2ac4e3013e0e) Importer(815301076,1909f56bfc062723c751e8b465ee728b)
Start importing Assets/Medieval_Gold/Gold_notes.rtf using Guid(d7a4a0971ef0e5d45a4a2ac4e3013e0e) Importer(815301076,1909f56bfc062723c751e8b465ee728b)  -> (artifact id: 'fa8dd47ada5cacfe39fe2442ac491dd7') in 0.041328 seconds 
========================================================================
Received Import Request.
  Time since last request: 364.160160 seconds.
  path: Assets/Script/Level/GlobalLife.cs
  artifactKey: Guid(811700ad5a8692d4aa2d806c4cd8d24a) Importer(815301076,1909f56bfc062723c751e8b465ee728b)
Start importing Assets/Script/Level/GlobalLife.cs using Guid(811700ad5a8692d4aa2d806c4cd8d24a) Importer(815301076,1909f56bfc062723c751e8b465ee728b)  -> (artifact id: '8259abcb91c4458c7fbc1bbb3a2dc25e') in 0.177040 seconds 
========================================================================
Received Import Request.
  Time since last request: 1.175952 seconds.
  path: Assets/Script/Level/DoorOpenFirst.cs
  artifactKey: Guid(25e0e6002d963c147b11b74e0821c99c) Importer(815301076,1909f56bfc062723c751e8b465ee728b)
Start importing Assets/Script/Level/DoorOpenFirst.cs using Guid(25e0e6002d963c147b11b74e0821c99c) Importer(815301076,1909f56bfc062723c751e8b465ee728b)  -> (artifact id: '7014f418df41e2c77073bdea780e0448') in 0.020098 seconds 
========================================================================
Received Import Request.
  Time since last request: 2.745848 seconds.
  path: Assets/Script/Enemy/EnemyDeath.cs
  artifactKey: Guid(d1c10df7691fe3549a0c3d0f58602682) Importer(815301076,1909f56bfc062723c751e8b465ee728b)
Start importing Assets/Script/Enemy/EnemyDeath.cs using Guid(d1c10df7691fe3549a0c3d0f58602682) Importer(815301076,1909f56bfc062723c751e8b465ee728b)  -> (artifact id: 'e7f3b4fd3a6a9738b00a8062bec6130d') in 0.029381 seconds 
========================================================================
Received Import Request.
  Time since last request: 1.093370 seconds.
  path: Assets/Script/Enemy/EnemyAI.cs
  artifactKey: Guid(94236faa26f5b9f4c81aabbbb4b37420) Importer(815301076,1909f56bfc062723c751e8b465ee728b)
Start importing Assets/Script/Enemy/EnemyAI.cs using Guid(94236faa26f5b9f4c81aabbbb4b37420) Importer(815301076,1909f56bfc062723c751e8b465ee728b)  -> (artifact id: '042ef861b8803bf40d3c1d5499378762') in 0.038189 seconds 
========================================================================
Received Prepare
Registering precompiled user dll's ...
Registered in 0.009213 seconds.
Begin MonoManager ReloadAssembly
Native extension for UWP target not found
Native extension for WindowsStandalone target not found
Refreshing native plugins compatible for Editor in 0.82 ms, found 2 plugins.
Preloading 0 native plugins for Editor in 0.00 ms.
Mono: successfully reloaded assembly
- Completed reload, in  7.568 seconds
Domain Reload Profiling:
	ReloadAssembly (7575ms)
		BeginReloadAssembly (1175ms)
			ExecutionOrderSort (0ms)
			DisableScriptedObjects (79ms)
			BackupInstance (0ms)
			ReleaseScriptingObjects (0ms)
			CreateAndSetChildDomain (609ms)
		EndReloadAssembly (5602ms)
			LoadAssemblies (343ms)
			RebuildTransferFunctionScriptingTraits (0ms)
			SetupTypeCache (1749ms)
			ReleaseScriptCaches (1ms)
			RebuildScriptCaches (233ms)
			SetupLoadedEditorAssemblies (2734ms)
				LogAssemblyErrors (0ms)
				InitializePlatformSupportModulesInManaged (68ms)
				SetLoadedEditorAssemblies (2ms)
				RefreshPlugins (1ms)
				BeforeProcessingInitializeOnLoad (229ms)
				ProcessInitializeOnLoadAttributes (2100ms)
				ProcessInitializeOnLoadMethodAttributes (311ms)
				AfterProcessingInitializeOnLoad (22ms)
				EditorAssembliesLoaded (2ms)
			ExecutionOrderSort2 (0ms)
			AwakeInstancesAfterBackupRestoration (71ms)
Platform modules already initialized, skipping
Refreshing native plugins compatible for Editor in 4.32 ms, found 2 plugins.
Preloading 0 native plugins for Editor in 0.00 ms.
Unloading 1786 Unused Serialized files (Serialized files now loaded: 0)
Unloading 14 unused Assets / (415.1 KB). Loaded Objects now: 2332.
Memory consumption went from 104.6 MB to 104.2 MB.
Total: 8.556700 ms (FindLiveObjects: 0.442300 ms CreateObjectMapping: 0.164500 ms MarkObjects: 7.294300 ms  DeleteObjects: 0.653000 ms)

AssetImportParameters requested are different than current active one (requested -> active):
  custom:video-decoder-ogg-theora: a1e56fd34408186e4bbccfd4996cb3dc -> 
  custom:container-muxer-webm: aa71ff27fc2769a1b78a27578f13a17b -> 
  custom:container-demuxer-webm: 4f35f7cbe854078d1ac9338744f61a02 -> 
  custom:video-encoder-webm-vp8: eb34c28f22e8b96e1ab97ce403110664 -> 
  custom:video-codec-MediaFoundation-h265: 746d11721c4dcdbdad8f713fa42b33f4 -> 
  custom:audio-encoder-webm-vorbis: bf7c407c2cedff20999df2af8eb42d56 -> 
  custom:framework-win-MediaFoundation: 216162199b28c13a410421893ffa2e32 -> 
  custom:container-demuxer-ogg: 62fdf1f143b41e24485cea50d1cbac27 -> 
  custom:video-decoder-webm-vp8: 9c59270c3fd7afecdb556c50c9e8de78 -> 
  custom:audio-decoder-ogg-vorbis: bf7c407c2cedff20999df2af8eb42d56 -> 
========================================================================
Received Import Request.
  Time since last request: 327.355877 seconds.
  path: Assets/Script/Enemy/EnemyAI.cs
  artifactKey: Guid(94236faa26f5b9f4c81aabbbb4b37420) Importer(815301076,1909f56bfc062723c751e8b465ee728b)
Start importing Assets/Script/Enemy/EnemyAI.cs using Guid(94236faa26f5b9f4c81aabbbb4b37420) Importer(815301076,1909f56bfc062723c751e8b465ee728b)  -> (artifact id: 'db85fcc3e2328ce53f32263f4cd2c361') in 0.019541 seconds 
========================================================================
Received Import Request.
  Time since last request: 237.420582 seconds.
  path: Assets/Asset/Prefab
  artifactKey: Guid(6dab41120b03ecc4e9448d05f2dc0997) Importer(815301076,1909f56bfc062723c751e8b465ee728b)
Start importing Assets/Asset/Prefab using Guid(6dab41120b03ecc4e9448d05f2dc0997) Importer(815301076,1909f56bfc062723c751e8b465ee728b)  -> (artifact id: '33e91d02d7e481fcc1bb4adcdb7b49e0') in 0.057123 seconds 
========================================================================
Received Import Request.
  Time since last request: 8.699179 seconds.
  path: Assets/Asset/Prefab/Door.prefab
  artifactKey: Guid(1ba7cebad8519c3408c9488ef336261b) Importer(815301076,1909f56bfc062723c751e8b465ee728b)
Start importing Assets/Asset/Prefab/Door.prefab using Guid(1ba7cebad8519c3408c9488ef336261b) Importer(815301076,1909f56bfc062723c751e8b465ee728b)  -> (artifact id: '4830a0389f05d2a109cd4a8e9d2c761f') in 1.061006 seconds 
========================================================================
Received Import Request.
  Time since last request: 305.211256 seconds.
  path: Assets/Asset/Import/Medieval_Gold
  artifactKey: Guid(d6d1410e224a9c042bf16ef19ee34700) Importer(815301076,1909f56bfc062723c751e8b465ee728b)
Start importing Assets/Asset/Import/Medieval_Gold using Guid(d6d1410e224a9c042bf16ef19ee34700) Importer(815301076,1909f56bfc062723c751e8b465ee728b)  -> (artifact id: '06027ad6676635fc13357c470213bf1a') in 0.015468 seconds 
========================================================================
Received Import Request.
  Time since last request: 0.051623 seconds.
  path: Assets/Asset/Import/Medieval_Gold/1_coin.FBX
  artifactKey: Guid(e40fa0edf8a05e246b4f2025b5acdf75) Importer(815301076,1909f56bfc062723c751e8b465ee728b)
Start importing Assets/Asset/Import/Medieval_Gold/1_coin.FBX using Guid(e40fa0edf8a05e246b4f2025b5acdf75) Importer(815301076,1909f56bfc062723c751e8b465ee728b)  -> (artifact id: '2430a001a35c3ba8248447931c56edc3') in 0.290357 seconds 
========================================================================
Received Import Request.
  Time since last request: 0.000060 seconds.
  path: Assets/Asset/Import/Medieval_Gold/Gold_Ignots.FBX
  artifactKey: Guid(22d89f75378c5f841a7ab97e49c98b72) Importer(815301076,1909f56bfc062723c751e8b465ee728b)
Start importing Assets/Asset/Import/Medieval_Gold/Gold_Ignots.FBX using Guid(22d89f75378c5f841a7ab97e49c98b72) Importer(815301076,1909f56bfc062723c751e8b465ee728b)  -> (artifact id: 'ee6681fd86fa40ccdddd3a4132d1c4ec') in 1.592529 seconds 
========================================================================
Received Import Request.
  Time since last request: 0.000107 seconds.
  path: Assets/Asset/Import/Medieval_Gold/1_ignot.FBX
  artifactKey: Guid(f61e2c06933fe5145a42eccb1e13acc7) Importer(815301076,1909f56bfc062723c751e8b465ee728b)
Start importing Assets/Asset/Import/Medieval_Gold/1_ignot.FBX using Guid(f61e2c06933fe5145a42eccb1e13acc7) Importer(815301076,1909f56bfc062723c751e8b465ee728b)  -> (artifact id: '92d0100a0b2c02c8af519a044b71fdb9') in 0.082203 seconds 
========================================================================
Received Import Request.
  Time since last request: 0.000056 seconds.
  path: Assets/Asset/Import/Medieval_Gold/Coins.FBX
  artifactKey: Guid(e5a1087c565204f42969686d1df0633d) Importer(815301076,1909f56bfc062723c751e8b465ee728b)
Start importing Assets/Asset/Import/Medieval_Gold/Coins.FBX using Guid(e5a1087c565204f42969686d1df0633d) Importer(815301076,1909f56bfc062723c751e8b465ee728b)  -> (artifact id: '79e41ad05f7e9915a76c89b198dd249b') in 0.573465 seconds 
========================================================================
Received Import Request.
  Time since last request: 0.000038 seconds.
  path: Assets/Asset/Import/Medieval_Gold/Scene
  artifactKey: Guid(35cde5afd0fdc934ca870589ba2f4832) Importer(815301076,1909f56bfc062723c751e8b465ee728b)
Start importing Assets/Asset/Import/Medieval_Gold/Scene using Guid(35cde5afd0fdc934ca870589ba2f4832) Importer(815301076,1909f56bfc062723c751e8b465ee728b)  -> (artifact id: '38f3f70c9e9af591e6c0173d680249cb') in 0.013090 seconds 
========================================================================
Received Import Request.
  Time since last request: 0.837784 seconds.
  path: Assets/Asset/Import/Medieval_Gold/Scene/Nedieval_gold.unity
  artifactKey: Guid(b2d1a83cb84b0f2479b32a22f44d24e7) Importer(815301076,1909f56bfc062723c751e8b465ee728b)
Start importing Assets/Asset/Import/Medieval_Gold/Scene/Nedieval_gold.unity using Guid(b2d1a83cb84b0f2479b32a22f44d24e7) Importer(815301076,1909f56bfc062723c751e8b465ee728b)  -> (artifact id: 'a60d1e8c48f29fde82de691522ba6270') in 0.008085 seconds 
========================================================================
Received Import Request.
  Time since last request: 28.031216 seconds.
  path: Assets/Scenes/Scene1.unity
  artifactKey: Guid(9fc0d4010bbf28b4594072e72b8655ab) Importer(815301076,1909f56bfc062723c751e8b465ee728b)
Start importing Assets/Scenes/Scene1.unity using Guid(9fc0d4010bbf28b4594072e72b8655ab) Importer(815301076,1909f56bfc062723c751e8b465ee728b)  -> (artifact id: 'e648b6265a98a7c2d91184eb66e0c8da') in 0.054879 seconds 
========================================================================
Received Import Request.
  Time since last request: 215.705872 seconds.
  path: Assets/Asset/Import/Medieval_Gold/1_coin.FBX
  artifactKey: Guid(e40fa0edf8a05e246b4f2025b5acdf75) Importer(815301076,1909f56bfc062723c751e8b465ee728b)
Start importing Assets/Asset/Import/Medieval_Gold/1_coin.FBX using Guid(e40fa0edf8a05e246b4f2025b5acdf75) Importer(815301076,1909f56bfc062723c751e8b465ee728b)  -> (artifact id: 'c3d846f47c6ee7c57cec17d4788d020e') in 0.091982 seconds 
========================================================================
Received Import Request.
  Time since last request: 0.000066 seconds.
  path: Assets/Asset/Import/Medieval_Gold/Gold_Ignots.FBX
  artifactKey: Guid(22d89f75378c5f841a7ab97e49c98b72) Importer(815301076,1909f56bfc062723c751e8b465ee728b)
Start importing Assets/Asset/Import/Medieval_Gold/Gold_Ignots.FBX using Guid(22d89f75378c5f841a7ab97e49c98b72) Importer(815301076,1909f56bfc062723c751e8b465ee728b)  -> (artifact id: '7d12465ef8ff469f06421a3488200b0f') in 1.222025 seconds 
========================================================================
Received Import Request.
  Time since last request: 0.000050 seconds.
  path: Assets/Asset/Import/Medieval_Gold/textures/gold_coin_normals.tif
  artifactKey: Guid(216cd6ab4ba2b354c85bf24c22fd9bc3) Importer(815301076,1909f56bfc062723c751e8b465ee728b)
Start importing Assets/Asset/Import/Medieval_Gold/textures/gold_coin_normals.tif using Guid(216cd6ab4ba2b354c85bf24c22fd9bc3) Importer(815301076,1909f56bfc062723c751e8b465ee728b)  -> (artifact id: '270db39969edbcf61fc23fc101716860') in 0.195599 seconds 
========================================================================
Received Import Request.
  Time since last request: 0.000054 seconds.
  path: Assets/Asset/Import/Medieval_Gold/Materials/gold_coin_color.mat
  artifactKey: Guid(46942e7ff881c4d4ca139892f7a02acc) Importer(815301076,1909f56bfc062723c751e8b465ee728b)
Start importing Assets/Asset/Import/Medieval_Gold/Materials/gold_coin_color.mat using Guid(46942e7ff881c4d4ca139892f7a02acc) Importer(815301076,1909f56bfc062723c751e8b465ee728b)  -> (artifact id: '58ff08978548c10863b23634c9c778dc') in 0.788384 seconds 
========================================================================
Received Import Request.
  Time since last request: 0.000051 seconds.
  path: Assets/Asset/Import/Medieval_Gold/textures/gold_coin_Specular.tif
  artifactKey: Guid(28cf07dc6497ea84f8d5cd556e4f2bea) Importer(815301076,1909f56bfc062723c751e8b465ee728b)
Start importing Assets/Asset/Import/Medieval_Gold/textures/gold_coin_Specular.tif using Guid(28cf07dc6497ea84f8d5cd556e4f2bea) Importer(815301076,1909f56bfc062723c751e8b465ee728b)  -> (artifact id: 'b5ae008cfc0c3390a85bdfc06f5844b8') in 0.049615 seconds 
========================================================================
Received Import Request.
  Time since last request: 0.000049 seconds.
  path: Assets/Asset/Import/Medieval_Gold/textures/gold_coin_color.tif
  artifactKey: Guid(217ad9e57cca95a45917595677c6d8dd) Importer(815301076,1909f56bfc062723c751e8b465ee728b)
Start importing Assets/Asset/Import/Medieval_Gold/textures/gold_coin_color.tif using Guid(217ad9e57cca95a45917595677c6d8dd) Importer(815301076,1909f56bfc062723c751e8b465ee728b)  -> (artifact id: '0bccf96957eabb7c586183aa24ad0391') in 0.042389 seconds 
========================================================================
Received Import Request.
  Time since last request: 0.000027 seconds.
  path: Assets/Asset/Import/Medieval_Gold/Materials/gold_bar_color.mat
  artifactKey: Guid(b7f70d23ebeb07948a56eb18dfd48cfb) Importer(815301076,1909f56bfc062723c751e8b465ee728b)
Start importing Assets/Asset/Import/Medieval_Gold/Materials/gold_bar_color.mat using Guid(b7f70d23ebeb07948a56eb18dfd48cfb) Importer(815301076,1909f56bfc062723c751e8b465ee728b)  -> (artifact id: 'd8deaf6a41b5bd12d5b8e7909f34469b') in 0.041826 seconds 
========================================================================
Received Import Request.
  Time since last request: 0.000050 seconds.
  path: Assets/Asset/Import/Medieval_Gold/textures/gold_bar_Specular.tif
  artifactKey: Guid(a2ba1c08f55b40046815ad0b116178e3) Importer(815301076,1909f56bfc062723c751e8b465ee728b)
Start importing Assets/Asset/Import/Medieval_Gold/textures/gold_bar_Specular.tif using Guid(a2ba1c08f55b40046815ad0b116178e3) Importer(815301076,1909f56bfc062723c751e8b465ee728b)  -> (artifact id: 'f8b83e72baa93204602d485f04b13f24') in 0.036762 seconds 
========================================================================
Received Import Request.
  Time since last request: 0.000070 seconds.
  path: Assets/Asset/Import/Medieval_Gold/textures/gold_bar_normals.tif
  artifactKey: Guid(e8fc78b751f96024bbed2b1d570f082c) Importer(815301076,1909f56bfc062723c751e8b465ee728b)
Start importing Assets/Asset/Import/Medieval_Gold/textures/gold_bar_normals.tif using Guid(e8fc78b751f96024bbed2b1d570f082c) Importer(815301076,1909f56bfc062723c751e8b465ee728b)  -> (artifact id: 'b0550d90a30187bdeab9b524e7f5b3b1') in 0.031654 seconds 
========================================================================
Received Import Request.
  Time since last request: 0.000039 seconds.
  path: Assets/Asset/Import/Medieval_Gold/textures/gold_bar_color.tif
  artifactKey: Guid(8c37fc22685f3a04fbd3d9c7fbb6175b) Importer(815301076,1909f56bfc062723c751e8b465ee728b)
Start importing Assets/Asset/Import/Medieval_Gold/textures/gold_bar_color.tif using Guid(8c37fc22685f3a04fbd3d9c7fbb6175b) Importer(815301076,1909f56bfc062723c751e8b465ee728b)  -> (artifact id: '830c78b06b1d9095fc2cb498a6413704') in 0.043669 seconds 
========================================================================
Received Import Request.
  Time since last request: 0.000067 seconds.
  path: Assets/Asset/Import/Medieval_Gold/1_ignot.FBX
  artifactKey: Guid(f61e2c06933fe5145a42eccb1e13acc7) Importer(815301076,1909f56bfc062723c751e8b465ee728b)
Start importing Assets/Asset/Import/Medieval_Gold/1_ignot.FBX using Guid(f61e2c06933fe5145a42eccb1e13acc7) Importer(815301076,1909f56bfc062723c751e8b465ee728b)  -> (artifact id: 'e9e86d6f1c9e98de1c1bdbede9484201') in 0.059647 seconds 
========================================================================
Received Import Request.
  Time since last request: 0.000035 seconds.
  path: Assets/Asset/Import/Medieval_Gold/Coins.FBX
  artifactKey: Guid(e5a1087c565204f42969686d1df0633d) Importer(815301076,1909f56bfc062723c751e8b465ee728b)
Start importing Assets/Asset/Import/Medieval_Gold/Coins.FBX using Guid(e5a1087c565204f42969686d1df0633d) Importer(815301076,1909f56bfc062723c751e8b465ee728b)  -> (artifact id: '40ae3c92409d7bd31c487625957e7ed4') in 0.868140 seconds 
========================================================================
Received Prepare
Registering precompiled user dll's ...
Registered in 0.007342 seconds.
Begin MonoManager ReloadAssembly
Native extension for UWP target not found
Native extension for WindowsStandalone target not found
Refreshing native plugins compatible for Editor in 1.16 ms, found 2 plugins.
Preloading 0 native plugins for Editor in 0.00 ms.
Mono: successfully reloaded assembly
- Completed reload, in 10.155 seconds
Domain Reload Profiling:
	ReloadAssembly (10164ms)
		BeginReloadAssembly (1474ms)
			ExecutionOrderSort (0ms)
			DisableScriptedObjects (34ms)
			BackupInstance (0ms)
			ReleaseScriptingObjects (0ms)
			CreateAndSetChildDomain (894ms)
		EndReloadAssembly (7446ms)
			LoadAssemblies (411ms)
			RebuildTransferFunctionScriptingTraits (0ms)
			SetupTypeCache (2564ms)
			ReleaseScriptCaches (3ms)
			RebuildScriptCaches (262ms)
			SetupLoadedEditorAssemblies (3700ms)
				LogAssemblyErrors (0ms)
				InitializePlatformSupportModulesInManaged (94ms)
				SetLoadedEditorAssemblies (4ms)
				RefreshPlugins (1ms)
				BeforeProcessingInitializeOnLoad (344ms)
				ProcessInitializeOnLoadAttributes (2829ms)
				ProcessInitializeOnLoadMethodAttributes (387ms)
				AfterProcessingInitializeOnLoad (38ms)
				EditorAssembliesLoaded (2ms)
			ExecutionOrderSort2 (0ms)
			AwakeInstancesAfterBackupRestoration (66ms)
Platform modules already initialized, skipping
Refreshing native plugins compatible for Editor in 6.61 ms, found 2 plugins.
Preloading 0 native plugins for Editor in 0.00 ms.
Unloading 1786 Unused Serialized files (Serialized files now loaded: 0)
Unloading 14 unused Assets / (415.0 KB). Loaded Objects now: 2372.
Memory consumption went from 104.9 MB to 104.5 MB.
Total: 14.784300 ms (FindLiveObjects: 6.756000 ms CreateObjectMapping: 0.215100 ms MarkObjects: 7.297300 ms  DeleteObjects: 0.513500 ms)

AssetImportParameters requested are different than current active one (requested -> active):
  custom:video-decoder-ogg-theora: a1e56fd34408186e4bbccfd4996cb3dc -> 
  custom:container-muxer-webm: aa71ff27fc2769a1b78a27578f13a17b -> 
  custom:container-demuxer-webm: 4f35f7cbe854078d1ac9338744f61a02 -> 
  custom:video-encoder-webm-vp8: eb34c28f22e8b96e1ab97ce403110664 -> 
  custom:video-codec-MediaFoundation-h265: 746d11721c4dcdbdad8f713fa42b33f4 -> 
  custom:audio-encoder-webm-vorbis: bf7c407c2cedff20999df2af8eb42d56 -> 
  custom:framework-win-MediaFoundation: 216162199b28c13a410421893ffa2e32 -> 
  custom:container-demuxer-ogg: 62fdf1f143b41e24485cea50d1cbac27 -> 
  custom:video-decoder-webm-vp8: 9c59270c3fd7afecdb556c50c9e8de78 -> 
  custom:audio-decoder-ogg-vorbis: bf7c407c2cedff20999df2af8eb42d56 -> 
========================================================================
Received Prepare
Registering precompiled user dll's ...
Registered in 0.006552 seconds.
Begin MonoManager ReloadAssembly
Native extension for UWP target not found
Native extension for WindowsStandalone target not found
Refreshing native plugins compatible for Editor in 1.05 ms, found 2 plugins.
Preloading 0 native plugins for Editor in 0.00 ms.
Mono: successfully reloaded assembly
- Completed reload, in 12.589 seconds
Domain Reload Profiling:
	ReloadAssembly (12600ms)
		BeginReloadAssembly (1532ms)
			ExecutionOrderSort (0ms)
			DisableScriptedObjects (51ms)
			BackupInstance (0ms)
			ReleaseScriptingObjects (0ms)
			CreateAndSetChildDomain (909ms)
		EndReloadAssembly (9649ms)
			LoadAssemblies (421ms)
			RebuildTransferFunctionScriptingTraits (0ms)
			SetupTypeCache (3920ms)
			ReleaseScriptCaches (2ms)
			RebuildScriptCaches (371ms)
			SetupLoadedEditorAssemblies (4203ms)
				LogAssemblyErrors (0ms)
				InitializePlatformSupportModulesInManaged (131ms)
				SetLoadedEditorAssemblies (6ms)
				RefreshPlugins (1ms)
				BeforeProcessingInitializeOnLoad (809ms)
				ProcessInitializeOnLoadAttributes (2798ms)
				ProcessInitializeOnLoadMethodAttributes (416ms)
				AfterProcessingInitializeOnLoad (38ms)
				EditorAssembliesLoaded (2ms)
			ExecutionOrderSort2 (0ms)
			AwakeInstancesAfterBackupRestoration (62ms)
Platform modules already initialized, skipping
Refreshing native plugins compatible for Editor in 6.62 ms, found 2 plugins.
Preloading 0 native plugins for Editor in 0.00 ms.
Unloading 1786 Unused Serialized files (Serialized files now loaded: 0)
Unloading 14 unused Assets / (423.0 KB). Loaded Objects now: 2375.
Memory consumption went from 104.9 MB to 104.5 MB.
Total: 24.211100 ms (FindLiveObjects: 0.909500 ms CreateObjectMapping: 10.436700 ms MarkObjects: 11.524500 ms  DeleteObjects: 1.337900 ms)

AssetImportParameters requested are different than current active one (requested -> active):
  custom:video-decoder-ogg-theora: a1e56fd34408186e4bbccfd4996cb3dc -> 
  custom:container-muxer-webm: aa71ff27fc2769a1b78a27578f13a17b -> 
  custom:container-demuxer-webm: 4f35f7cbe854078d1ac9338744f61a02 -> 
  custom:video-encoder-webm-vp8: eb34c28f22e8b96e1ab97ce403110664 -> 
  custom:video-codec-MediaFoundation-h265: 746d11721c4dcdbdad8f713fa42b33f4 -> 
  custom:audio-encoder-webm-vorbis: bf7c407c2cedff20999df2af8eb42d56 -> 
  custom:framework-win-MediaFoundation: 216162199b28c13a410421893ffa2e32 -> 
  custom:container-demuxer-ogg: 62fdf1f143b41e24485cea50d1cbac27 -> 
  custom:video-decoder-webm-vp8: 9c59270c3fd7afecdb556c50c9e8de78 -> 
  custom:audio-decoder-ogg-vorbis: bf7c407c2cedff20999df2af8eb42d56 -> 
========================================================================
Received Prepare
Registering precompiled user dll's ...
Registered in 0.005197 seconds.
Begin MonoManager ReloadAssembly
Native extension for UWP target not found
Native extension for WindowsStandalone target not found
Refreshing native plugins compatible for Editor in 0.92 ms, found 2 plugins.
Preloading 0 native plugins for Editor in 0.00 ms.
Mono: successfully reloaded assembly
- Completed reload, in 10.180 seconds
Domain Reload Profiling:
	ReloadAssembly (10192ms)
		BeginReloadAssembly (1106ms)
			ExecutionOrderSort (0ms)
			DisableScriptedObjects (42ms)
			BackupInstance (0ms)
			ReleaseScriptingObjects (0ms)
			CreateAndSetChildDomain (656ms)
		EndReloadAssembly (8180ms)
			LoadAssemblies (298ms)
			RebuildTransferFunctionScriptingTraits (0ms)
			SetupTypeCache (2309ms)
			ReleaseScriptCaches (1ms)
			RebuildScriptCaches (277ms)
			SetupLoadedEditorAssemblies (4443ms)
				LogAssemblyErrors (0ms)
				InitializePlatformSupportModulesInManaged (93ms)
				SetLoadedEditorAssemblies (2ms)
				RefreshPlugins (1ms)
				BeforeProcessingInitializeOnLoad (337ms)
				ProcessInitializeOnLoadAttributes (3426ms)
				ProcessInitializeOnLoadMethodAttributes (525ms)
				AfterProcessingInitializeOnLoad (55ms)
				EditorAssembliesLoaded (3ms)
			ExecutionOrderSort2 (0ms)
			AwakeInstancesAfterBackupRestoration (111ms)
Platform modules already initialized, skipping
Refreshing native plugins compatible for Editor in 9.77 ms, found 2 plugins.
Preloading 0 native plugins for Editor in 0.00 ms.
Unloading 1786 Unused Serialized files (Serialized files now loaded: 0)
Unloading 14 unused Assets / (415.1 KB). Loaded Objects now: 2378.
Memory consumption went from 104.9 MB to 104.5 MB.
Total: 11.214900 ms (FindLiveObjects: 0.682200 ms CreateObjectMapping: 0.247300 ms MarkObjects: 9.843300 ms  DeleteObjects: 0.439400 ms)

AssetImportParameters requested are different than current active one (requested -> active):
  custom:video-decoder-ogg-theora: a1e56fd34408186e4bbccfd4996cb3dc -> 
  custom:container-muxer-webm: aa71ff27fc2769a1b78a27578f13a17b -> 
  custom:container-demuxer-webm: 4f35f7cbe854078d1ac9338744f61a02 -> 
  custom:video-encoder-webm-vp8: eb34c28f22e8b96e1ab97ce403110664 -> 
  custom:video-codec-MediaFoundation-h265: 746d11721c4dcdbdad8f713fa42b33f4 -> 
  custom:audio-encoder-webm-vorbis: bf7c407c2cedff20999df2af8eb42d56 -> 
  custom:framework-win-MediaFoundation: 216162199b28c13a410421893ffa2e32 -> 
  custom:container-demuxer-ogg: 62fdf1f143b41e24485cea50d1cbac27 -> 
  custom:video-decoder-webm-vp8: 9c59270c3fd7afecdb556c50c9e8de78 -> 
  custom:audio-decoder-ogg-vorbis: bf7c407c2cedff20999df2af8eb42d56 -> 
========================================================================
Received Prepare
Registering precompiled user dll's ...
Registered in 0.007802 seconds.
Begin MonoManager ReloadAssembly
Native extension for UWP target not found
Native extension for WindowsStandalone target not found
Refreshing native plugins compatible for Editor in 1.71 ms, found 2 plugins.
Preloading 0 native plugins for Editor in 0.00 ms.
Mono: successfully reloaded assembly
- Completed reload, in  9.105 seconds
Domain Reload Profiling:
	ReloadAssembly (9112ms)
		BeginReloadAssembly (1802ms)
			ExecutionOrderSort (0ms)
			DisableScriptedObjects (97ms)
			BackupInstance (0ms)
			ReleaseScriptingObjects (0ms)
			CreateAndSetChildDomain (990ms)
		EndReloadAssembly (6124ms)
			LoadAssemblies (436ms)
			RebuildTransferFunctionScriptingTraits (0ms)
			SetupTypeCache (3390ms)
			ReleaseScriptCaches (2ms)
			RebuildScriptCaches (270ms)
			SetupLoadedEditorAssemblies (1684ms)
				LogAssemblyErrors (0ms)
				InitializePlatformSupportModulesInManaged (80ms)
				SetLoadedEditorAssemblies (4ms)
				RefreshPlugins (2ms)
				BeforeProcessingInitializeOnLoad (255ms)
				ProcessInitializeOnLoadAttributes (1155ms)
				ProcessInitializeOnLoadMethodAttributes (172ms)
				AfterProcessingInitializeOnLoad (15ms)
				EditorAssembliesLoaded (1ms)
			ExecutionOrderSort2 (0ms)
			AwakeInstancesAfterBackupRestoration (26ms)
Platform modules already initialized, skipping
Refreshing native plugins compatible for Editor in 4.79 ms, found 2 plugins.
Preloading 0 native plugins for Editor in 0.00 ms.
Unloading 1786 Unused Serialized files (Serialized files now loaded: 0)
Unloading 14 unused Assets / (415.3 KB). Loaded Objects now: 2381.
Memory consumption went from 104.9 MB to 104.5 MB.
Total: 3.836400 ms (FindLiveObjects: 0.266100 ms CreateObjectMapping: 0.164500 ms MarkObjects: 2.924200 ms  DeleteObjects: 0.479200 ms)

AssetImportParameters requested are different than current active one (requested -> active):
  custom:video-decoder-ogg-theora: a1e56fd34408186e4bbccfd4996cb3dc -> 
  custom:container-muxer-webm: aa71ff27fc2769a1b78a27578f13a17b -> 
  custom:container-demuxer-webm: 4f35f7cbe854078d1ac9338744f61a02 -> 
  custom:video-encoder-webm-vp8: eb34c28f22e8b96e1ab97ce403110664 -> 
  custom:video-codec-MediaFoundation-h265: 746d11721c4dcdbdad8f713fa42b33f4 -> 
  custom:audio-encoder-webm-vorbis: bf7c407c2cedff20999df2af8eb42d56 -> 
  custom:framework-win-MediaFoundation: 216162199b28c13a410421893ffa2e32 -> 
  custom:container-demuxer-ogg: 62fdf1f143b41e24485cea50d1cbac27 -> 
  custom:video-decoder-webm-vp8: 9c59270c3fd7afecdb556c50c9e8de78 -> 
  custom:audio-decoder-ogg-vorbis: bf7c407c2cedff20999df2af8eb42d56 -> 
========================================================================
Received Prepare
Registering precompiled user dll's ...
Registered in 0.007235 seconds.
Begin MonoManager ReloadAssembly
Native extension for UWP target not found
Native extension for WindowsStandalone target not found
Refreshing native plugins compatible for Editor in 0.96 ms, found 2 plugins.
Preloading 0 native plugins for Editor in 0.00 ms.
Mono: successfully reloaded assembly
- Completed reload, in  6.312 seconds
Domain Reload Profiling:
	ReloadAssembly (6316ms)
		BeginReloadAssembly (1105ms)
			ExecutionOrderSort (0ms)
			DisableScriptedObjects (38ms)
			BackupInstance (0ms)
			ReleaseScriptingObjects (0ms)
			CreateAndSetChildDomain (652ms)
		EndReloadAssembly (4258ms)
			LoadAssemblies (299ms)
			RebuildTransferFunctionScriptingTraits (0ms)
			SetupTypeCache (2020ms)
			ReleaseScriptCaches (1ms)
			RebuildScriptCaches (207ms)
			SetupLoadedEditorAssemblies (1423ms)
				LogAssemblyErrors (0ms)
				InitializePlatformSupportModulesInManaged (61ms)
				SetLoadedEditorAssemblies (3ms)
				RefreshPlugins (1ms)
				BeforeProcessingInitializeOnLoad (221ms)
				ProcessInitializeOnLoadAttributes (983ms)
				ProcessInitializeOnLoadMethodAttributes (141ms)
				AfterProcessingInitializeOnLoad (12ms)
				EditorAssembliesLoaded (1ms)
			ExecutionOrderSort2 (0ms)
			AwakeInstancesAfterBackupRestoration (25ms)
Platform modules already initialized, skipping
Refreshing native plugins compatible for Editor in 2.62 ms, found 2 plugins.
Preloading 0 native plugins for Editor in 0.00 ms.
Unloading 1786 Unused Serialized files (Serialized files now loaded: 0)
Unloading 14 unused Assets / (415.1 KB). Loaded Objects now: 2384.
Memory consumption went from 104.9 MB to 104.5 MB.
Total: 4.023600 ms (FindLiveObjects: 0.214600 ms CreateObjectMapping: 0.083900 ms MarkObjects: 3.366600 ms  DeleteObjects: 0.357200 ms)

AssetImportParameters requested are different than current active one (requested -> active):
  custom:video-decoder-ogg-theora: a1e56fd34408186e4bbccfd4996cb3dc -> 
  custom:container-muxer-webm: aa71ff27fc2769a1b78a27578f13a17b -> 
  custom:container-demuxer-webm: 4f35f7cbe854078d1ac9338744f61a02 -> 
  custom:video-encoder-webm-vp8: eb34c28f22e8b96e1ab97ce403110664 -> 
  custom:video-codec-MediaFoundation-h265: 746d11721c4dcdbdad8f713fa42b33f4 -> 
  custom:audio-encoder-webm-vorbis: bf7c407c2cedff20999df2af8eb42d56 -> 
  custom:framework-win-MediaFoundation: 216162199b28c13a410421893ffa2e32 -> 
  custom:container-demuxer-ogg: 62fdf1f143b41e24485cea50d1cbac27 -> 
  custom:video-decoder-webm-vp8: 9c59270c3fd7afecdb556c50c9e8de78 -> 
  custom:audio-decoder-ogg-vorbis: bf7c407c2cedff20999df2af8eb42d56 -> 
========================================================================
Received Import Request.
  Time since last request: 1500.136042 seconds.
  path: Assets/Script/Level/GlobalLife1.cs
  artifactKey: Guid(a8421815833e3bf45bf62adab5f6fb1d) Importer(815301076,1909f56bfc062723c751e8b465ee728b)
Start importing Assets/Script/Level/GlobalLife1.cs using Guid(a8421815833e3bf45bf62adab5f6fb1d) Importer(815301076,1909f56bfc062723c751e8b465ee728b)  -> (artifact id: '853165aab685d0878e8831c721e4ed13') in 0.146129 seconds 
========================================================================
Received Import Request.
  Time since last request: 3.484502 seconds.
  path: Assets/Script/Level/GlobalScore.cs
  artifactKey: Guid(a8421815833e3bf45bf62adab5f6fb1d) Importer(815301076,1909f56bfc062723c751e8b465ee728b)
Start importing Assets/Script/Level/GlobalScore.cs using Guid(a8421815833e3bf45bf62adab5f6fb1d) Importer(815301076,1909f56bfc062723c751e8b465ee728b)  -> (artifact id: '61fb096fc073ff32df3d99963a0ee496') in 0.030304 seconds 
========================================================================
Received Prepare
Registering precompiled user dll's ...
Registered in 0.006236 seconds.
Begin MonoManager ReloadAssembly
Native extension for UWP target not found
Native extension for WindowsStandalone target not found
Refreshing native plugins compatible for Editor in 1.35 ms, found 2 plugins.
Preloading 0 native plugins for Editor in 0.00 ms.
Mono: successfully reloaded assembly
- Completed reload, in 11.259 seconds
Domain Reload Profiling:
	ReloadAssembly (11263ms)
		BeginReloadAssembly (1292ms)
			ExecutionOrderSort (0ms)
			DisableScriptedObjects (43ms)
			BackupInstance (0ms)
			ReleaseScriptingObjects (0ms)
			CreateAndSetChildDomain (762ms)
		EndReloadAssembly (8939ms)
			LoadAssemblies (1206ms)
			RebuildTransferFunctionScriptingTraits (0ms)
			SetupTypeCache (4896ms)
			ReleaseScriptCaches (2ms)
			RebuildScriptCaches (294ms)
			SetupLoadedEditorAssemblies (1996ms)
				LogAssemblyErrors (0ms)
				InitializePlatformSupportModulesInManaged (83ms)
				SetLoadedEditorAssemblies (4ms)
				RefreshPlugins (1ms)
				BeforeProcessingInitializeOnLoad (306ms)
				ProcessInitializeOnLoadAttributes (1388ms)
				ProcessInitializeOnLoadMethodAttributes (193ms)
				AfterProcessingInitializeOnLoad (18ms)
				EditorAssembliesLoaded (2ms)
			ExecutionOrderSort2 (0ms)
			AwakeInstancesAfterBackupRestoration (33ms)
Platform modules already initialized, skipping
Refreshing native plugins compatible for Editor in 2.32 ms, found 2 plugins.
Preloading 0 native plugins for Editor in 0.00 ms.
Unloading 1787 Unused Serialized files (Serialized files now loaded: 0)
Unloading 14 unused Assets / (415.1 KB). Loaded Objects now: 2388.
Memory consumption went from 105.0 MB to 104.6 MB.
Total: 8.162000 ms (FindLiveObjects: 1.602400 ms CreateObjectMapping: 0.220000 ms MarkObjects: 5.993400 ms  DeleteObjects: 0.344700 ms)

AssetImportParameters requested are different than current active one (requested -> active):
  custom:video-decoder-ogg-theora: a1e56fd34408186e4bbccfd4996cb3dc -> 
  custom:container-muxer-webm: aa71ff27fc2769a1b78a27578f13a17b -> 
  custom:container-demuxer-webm: 4f35f7cbe854078d1ac9338744f61a02 -> 
  custom:video-encoder-webm-vp8: eb34c28f22e8b96e1ab97ce403110664 -> 
  custom:video-codec-MediaFoundation-h265: 746d11721c4dcdbdad8f713fa42b33f4 -> 
  custom:audio-encoder-webm-vorbis: bf7c407c2cedff20999df2af8eb42d56 -> 
  custom:framework-win-MediaFoundation: 216162199b28c13a410421893ffa2e32 -> 
  custom:container-demuxer-ogg: 62fdf1f143b41e24485cea50d1cbac27 -> 
  custom:video-decoder-webm-vp8: 9c59270c3fd7afecdb556c50c9e8de78 -> 
  custom:audio-decoder-ogg-vorbis: bf7c407c2cedff20999df2af8eb42d56 -> 
========================================================================
Received Prepare
Registering precompiled user dll's ...
Registered in 0.006180 seconds.
Begin MonoManager ReloadAssembly
Native extension for UWP target not found
Native extension for WindowsStandalone target not found
Refreshing native plugins compatible for Editor in 0.83 ms, found 2 plugins.
Preloading 0 native plugins for Editor in 0.00 ms.
Mono: successfully reloaded assembly
- Completed reload, in  8.187 seconds
Domain Reload Profiling:
	ReloadAssembly (8191ms)
		BeginReloadAssembly (1455ms)
			ExecutionOrderSort (0ms)
			DisableScriptedObjects (43ms)
			BackupInstance (0ms)
			ReleaseScriptingObjects (0ms)
			CreateAndSetChildDomain (760ms)
		EndReloadAssembly (5710ms)
			LoadAssemblies (529ms)
			RebuildTransferFunctionScriptingTraits (0ms)
			SetupTypeCache (2681ms)
			ReleaseScriptCaches (1ms)
			RebuildScriptCaches (263ms)
			SetupLoadedEditorAssemblies (1859ms)
				LogAssemblyErrors (0ms)
				InitializePlatformSupportModulesInManaged (72ms)
				SetLoadedEditorAssemblies (4ms)
				RefreshPlugins (1ms)
				BeforeProcessingInitializeOnLoad (287ms)
				ProcessInitializeOnLoadAttributes (1261ms)
				ProcessInitializeOnLoadMethodAttributes (215ms)
				AfterProcessingInitializeOnLoad (17ms)
				EditorAssembliesLoaded (2ms)
			ExecutionOrderSort2 (0ms)
			AwakeInstancesAfterBackupRestoration (68ms)
Platform modules already initialized, skipping
Refreshing native plugins compatible for Editor in 2.20 ms, found 2 plugins.
Preloading 0 native plugins for Editor in 0.00 ms.
Unloading 1787 Unused Serialized files (Serialized files now loaded: 0)
Unloading 14 unused Assets / (415.1 KB). Loaded Objects now: 2391.
Memory consumption went from 105.0 MB to 104.6 MB.
Total: 6.027500 ms (FindLiveObjects: 0.209500 ms CreateObjectMapping: 0.092000 ms MarkObjects: 5.127000 ms  DeleteObjects: 0.597200 ms)

AssetImportParameters requested are different than current active one (requested -> active):
  custom:video-decoder-ogg-theora: a1e56fd34408186e4bbccfd4996cb3dc -> 
  custom:container-muxer-webm: aa71ff27fc2769a1b78a27578f13a17b -> 
  custom:container-demuxer-webm: 4f35f7cbe854078d1ac9338744f61a02 -> 
  custom:video-encoder-webm-vp8: eb34c28f22e8b96e1ab97ce403110664 -> 
  custom:video-codec-MediaFoundation-h265: 746d11721c4dcdbdad8f713fa42b33f4 -> 
  custom:audio-encoder-webm-vorbis: bf7c407c2cedff20999df2af8eb42d56 -> 
  custom:framework-win-MediaFoundation: 216162199b28c13a410421893ffa2e32 -> 
  custom:container-demuxer-ogg: 62fdf1f143b41e24485cea50d1cbac27 -> 
  custom:video-decoder-webm-vp8: 9c59270c3fd7afecdb556c50c9e8de78 -> 
  custom:audio-decoder-ogg-vorbis: bf7c407c2cedff20999df2af8eb42d56 -> 
========================================================================
Received Import Request.
  Time since last request: 75.459716 seconds.
  path: Assets/Script/Level/GlobalScore.cs
  artifactKey: Guid(a8421815833e3bf45bf62adab5f6fb1d) Importer(815301076,1909f56bfc062723c751e8b465ee728b)
Start importing Assets/Script/Level/GlobalScore.cs using Guid(a8421815833e3bf45bf62adab5f6fb1d) Importer(815301076,1909f56bfc062723c751e8b465ee728b)  -> (artifact id: '25bbfbf1d7d5094cfbc320099e376c40') in 0.013164 seconds 
========================================================================
Received Import Request.
  Time since last request: 81.556126 seconds.
  path: Assets/Script/Level/GoldCollect.cs
  artifactKey: Guid(d0ed15a03c72ef14891de2d38f4e5e83) Importer(815301076,1909f56bfc062723c751e8b465ee728b)
Start importing Assets/Script/Level/GoldCollect.cs using Guid(d0ed15a03c72ef14891de2d38f4e5e83) Importer(815301076,1909f56bfc062723c751e8b465ee728b)  -> (artifact id: 'd45ae494800ffbbeecdfc5f99a656887') in 0.014014 seconds 
========================================================================
Received Prepare
Registering precompiled user dll's ...
Registered in 0.005123 seconds.
Begin MonoManager ReloadAssembly
Native extension for UWP target not found
Native extension for WindowsStandalone target not found
Refreshing native plugins compatible for Editor in 0.78 ms, found 2 plugins.
Preloading 0 native plugins for Editor in 0.00 ms.
Mono: successfully reloaded assembly
- Completed reload, in  9.028 seconds
Domain Reload Profiling:
	ReloadAssembly (9032ms)
		BeginReloadAssembly (1097ms)
			ExecutionOrderSort (0ms)
			DisableScriptedObjects (37ms)
			BackupInstance (0ms)
			ReleaseScriptingObjects (0ms)
			CreateAndSetChildDomain (649ms)
		EndReloadAssembly (6903ms)
			LoadAssemblies (288ms)
			RebuildTransferFunctionScriptingTraits (0ms)
			SetupTypeCache (2121ms)
			ReleaseScriptCaches (2ms)
			RebuildScriptCaches (244ms)
			SetupLoadedEditorAssemblies (3254ms)
				LogAssemblyErrors (0ms)
				InitializePlatformSupportModulesInManaged (211ms)
				SetLoadedEditorAssemblies (3ms)
				RefreshPlugins (1ms)
				BeforeProcessingInitializeOnLoad (1298ms)
				ProcessInitializeOnLoadAttributes (1559ms)
				ProcessInitializeOnLoadMethodAttributes (167ms)
				AfterProcessingInitializeOnLoad (13ms)
				EditorAssembliesLoaded (1ms)
			ExecutionOrderSort2 (0ms)
			AwakeInstancesAfterBackupRestoration (33ms)
Platform modules already initialized, skipping
Refreshing native plugins compatible for Editor in 2.98 ms, found 2 plugins.
Preloading 0 native plugins for Editor in 0.00 ms.
Unloading 1788 Unused Serialized files (Serialized files now loaded: 0)
Unloading 14 unused Assets / (415.2 KB). Loaded Objects now: 2395.
Memory consumption went from 105.0 MB to 104.6 MB.
Total: 5.113900 ms (FindLiveObjects: 0.242500 ms CreateObjectMapping: 0.160900 ms MarkObjects: 4.360900 ms  DeleteObjects: 0.347900 ms)

AssetImportParameters requested are different than current active one (requested -> active):
  custom:video-decoder-ogg-theora: a1e56fd34408186e4bbccfd4996cb3dc -> 
  custom:container-muxer-webm: aa71ff27fc2769a1b78a27578f13a17b -> 
  custom:container-demuxer-webm: 4f35f7cbe854078d1ac9338744f61a02 -> 
  custom:video-encoder-webm-vp8: eb34c28f22e8b96e1ab97ce403110664 -> 
  custom:video-codec-MediaFoundation-h265: 746d11721c4dcdbdad8f713fa42b33f4 -> 
  custom:audio-encoder-webm-vorbis: bf7c407c2cedff20999df2af8eb42d56 -> 
  custom:framework-win-MediaFoundation: 216162199b28c13a410421893ffa2e32 -> 
  custom:container-demuxer-ogg: 62fdf1f143b41e24485cea50d1cbac27 -> 
  custom:video-decoder-webm-vp8: 9c59270c3fd7afecdb556c50c9e8de78 -> 
  custom:audio-decoder-ogg-vorbis: bf7c407c2cedff20999df2af8eb42d56 -> 
========================================================================
Received Import Request.
  Time since last request: 99.358750 seconds.
  path: Assets/Script/Level/GoldCollect.cs
  artifactKey: Guid(d0ed15a03c72ef14891de2d38f4e5e83) Importer(815301076,1909f56bfc062723c751e8b465ee728b)
Start importing Assets/Script/Level/GoldCollect.cs using Guid(d0ed15a03c72ef14891de2d38f4e5e83) Importer(815301076,1909f56bfc062723c751e8b465ee728b)  -> (artifact id: '220df9e0a9a41e05fd079246419fc4df') in 0.025790 seconds 
========================================================================
Received Prepare
Registering precompiled user dll's ...
Registered in 0.009931 seconds.
Begin MonoManager ReloadAssembly
Native extension for UWP target not found
Native extension for WindowsStandalone target not found
Refreshing native plugins compatible for Editor in 0.83 ms, found 2 plugins.
Preloading 0 native plugins for Editor in 0.00 ms.
Mono: successfully reloaded assembly
- Completed reload, in  6.305 seconds
Domain Reload Profiling:
	ReloadAssembly (6309ms)
		BeginReloadAssembly (1052ms)
			ExecutionOrderSort (0ms)
			DisableScriptedObjects (39ms)
			BackupInstance (0ms)
			ReleaseScriptingObjects (0ms)
			CreateAndSetChildDomain (612ms)
		EndReloadAssembly (4388ms)
			LoadAssemblies (293ms)
			RebuildTransferFunctionScriptingTraits (0ms)
			SetupTypeCache (2138ms)
			ReleaseScriptCaches (2ms)
			RebuildScriptCaches (206ms)
			SetupLoadedEditorAssemblies (1435ms)
				LogAssemblyErrors (0ms)
				InitializePlatformSupportModulesInManaged (60ms)
				SetLoadedEditorAssemblies (4ms)
				RefreshPlugins (1ms)
				BeforeProcessingInitializeOnLoad (225ms)
				ProcessInitializeOnLoadAttributes (987ms)
				ProcessInitializeOnLoadMethodAttributes (145ms)
				AfterProcessingInitializeOnLoad (12ms)
				EditorAssembliesLoaded (1ms)
			ExecutionOrderSort2 (0ms)
			AwakeInstancesAfterBackupRestoration (25ms)
Platform modules already initialized, skipping
Refreshing native plugins compatible for Editor in 2.05 ms, found 2 plugins.
Preloading 0 native plugins for Editor in 0.00 ms.
Unloading 1788 Unused Serialized files (Serialized files now loaded: 0)
Unloading 14 unused Assets / (415.3 KB). Loaded Objects now: 2398.
Memory consumption went from 105.0 MB to 104.6 MB.
Total: 4.502400 ms (FindLiveObjects: 0.206900 ms CreateObjectMapping: 0.082400 ms MarkObjects: 3.689100 ms  DeleteObjects: 0.522500 ms)

AssetImportParameters requested are different than current active one (requested -> active):
  custom:video-decoder-ogg-theora: a1e56fd34408186e4bbccfd4996cb3dc -> 
  custom:container-muxer-webm: aa71ff27fc2769a1b78a27578f13a17b -> 
  custom:container-demuxer-webm: 4f35f7cbe854078d1ac9338744f61a02 -> 
  custom:video-encoder-webm-vp8: eb34c28f22e8b96e1ab97ce403110664 -> 
  custom:video-codec-MediaFoundation-h265: 746d11721c4dcdbdad8f713fa42b33f4 -> 
  custom:audio-encoder-webm-vorbis: bf7c407c2cedff20999df2af8eb42d56 -> 
  custom:framework-win-MediaFoundation: 216162199b28c13a410421893ffa2e32 -> 
  custom:container-demuxer-ogg: 62fdf1f143b41e24485cea50d1cbac27 -> 
  custom:video-decoder-webm-vp8: 9c59270c3fd7afecdb556c50c9e8de78 -> 
  custom:audio-decoder-ogg-vorbis: bf7c407c2cedff20999df2af8eb42d56 -> 
========================================================================
Received Import Request.
  Time since last request: 209.788239 seconds.
  path: Assets/Asset/Audio/FX/CollectSound 1.wav
  artifactKey: Guid(54548fb8e3c05704ea4eb3b8c80dd5b9) Importer(815301076,1909f56bfc062723c751e8b465ee728b)
Start importing Assets/Asset/Audio/FX/CollectSound 1.wav using Guid(54548fb8e3c05704ea4eb3b8c80dd5b9) Importer(815301076,1909f56bfc062723c751e8b465ee728b)  -> (artifact id: 'a947315db014a6edd1d5c878a50f8f95') in 0.681666 seconds 
========================================================================
Received Import Request.
  Time since last request: 832.760632 seconds.
  path: Assets/Asset/Audio/FX/EatFood.wav
  artifactKey: Guid(0fafb4f72b360a14e89b990db62c3562) Importer(815301076,1909f56bfc062723c751e8b465ee728b)
Start importing Assets/Asset/Audio/FX/EatFood.wav using Guid(0fafb4f72b360a14e89b990db62c3562) Importer(815301076,1909f56bfc062723c751e8b465ee728b)  -> (artifact id: 'b1a2e0b2616327377dbaadd4f4a56338') in 0.045946 seconds 
========================================================================
Received Import Request.
  Time since last request: 307.770669 seconds.
  path: Assets/Script/Level/FullHealthCollect.cs
  artifactKey: Guid(8b623d466e3c2ea4f88f4566ac8a9c9e) Importer(815301076,1909f56bfc062723c751e8b465ee728b)
Start importing Assets/Script/Level/FullHealthCollect.cs using Guid(8b623d466e3c2ea4f88f4566ac8a9c9e) Importer(815301076,1909f56bfc062723c751e8b465ee728b)  -> (artifact id: 'fb97d8621ea91816d12bc23494f2a797') in 0.014870 seconds 
========================================================================
Received Prepare
Registering precompiled user dll's ...
Registered in 0.009605 seconds.
Begin MonoManager ReloadAssembly
Native extension for UWP target not found
Native extension for WindowsStandalone target not found
Refreshing native plugins compatible for Editor in 0.76 ms, found 2 plugins.
Preloading 0 native plugins for Editor in 0.00 ms.
Mono: successfully reloaded assembly
- Completed reload, in  9.056 seconds
Domain Reload Profiling:
	ReloadAssembly (9060ms)
		BeginReloadAssembly (1159ms)
			ExecutionOrderSort (0ms)
			DisableScriptedObjects (41ms)
			BackupInstance (0ms)
			ReleaseScriptingObjects (0ms)
			CreateAndSetChildDomain (673ms)
		EndReloadAssembly (6994ms)
			LoadAssemblies (296ms)
			RebuildTransferFunctionScriptingTraits (0ms)
			SetupTypeCache (3849ms)
			ReleaseScriptCaches (2ms)
			RebuildScriptCaches (455ms)
			SetupLoadedEditorAssemblies (1690ms)
				LogAssemblyErrors (0ms)
				InitializePlatformSupportModulesInManaged (72ms)
				SetLoadedEditorAssemblies (4ms)
				RefreshPlugins (1ms)
				BeforeProcessingInitializeOnLoad (283ms)
				ProcessInitializeOnLoadAttributes (1147ms)
				ProcessInitializeOnLoadMethodAttributes (169ms)
				AfterProcessingInitializeOnLoad (14ms)
				EditorAssembliesLoaded (1ms)
			ExecutionOrderSort2 (0ms)
			AwakeInstancesAfterBackupRestoration (31ms)
Platform modules already initialized, skipping
Refreshing native plugins compatible for Editor in 3.14 ms, found 2 plugins.
Preloading 0 native plugins for Editor in 0.00 ms.
Unloading 1789 Unused Serialized files (Serialized files now loaded: 0)
Unloading 14 unused Assets / (415.2 KB). Loaded Objects now: 2404.
Memory consumption went from 105.1 MB to 104.7 MB.
Total: 6.560200 ms (FindLiveObjects: 0.232000 ms CreateObjectMapping: 0.094300 ms MarkObjects: 5.771500 ms  DeleteObjects: 0.460200 ms)

AssetImportParameters requested are different than current active one (requested -> active):
  custom:video-decoder-ogg-theora: a1e56fd34408186e4bbccfd4996cb3dc -> 
  custom:container-muxer-webm: aa71ff27fc2769a1b78a27578f13a17b -> 
  custom:container-demuxer-webm: 4f35f7cbe854078d1ac9338744f61a02 -> 
  custom:video-encoder-webm-vp8: eb34c28f22e8b96e1ab97ce403110664 -> 
  custom:video-codec-MediaFoundation-h265: 746d11721c4dcdbdad8f713fa42b33f4 -> 
  custom:audio-encoder-webm-vorbis: bf7c407c2cedff20999df2af8eb42d56 -> 
  custom:framework-win-MediaFoundation: 216162199b28c13a410421893ffa2e32 -> 
  custom:container-demuxer-ogg: 62fdf1f143b41e24485cea50d1cbac27 -> 
  custom:video-decoder-webm-vp8: 9c59270c3fd7afecdb556c50c9e8de78 -> 
  custom:audio-decoder-ogg-vorbis: bf7c407c2cedff20999df2af8eb42d56 -> 
========================================================================
Received Prepare
Registering precompiled user dll's ...
Registered in 0.006993 seconds.
Begin MonoManager ReloadAssembly
Native extension for UWP target not found
Native extension for WindowsStandalone target not found
Refreshing native plugins compatible for Editor in 1.52 ms, found 2 plugins.
Preloading 0 native plugins for Editor in 0.00 ms.
Mono: successfully reloaded assembly
- Completed reload, in 10.734 seconds
Domain Reload Profiling:
	ReloadAssembly (10743ms)
		BeginReloadAssembly (1117ms)
			ExecutionOrderSort (0ms)
			DisableScriptedObjects (44ms)
			BackupInstance (0ms)
			ReleaseScriptingObjects (0ms)
			CreateAndSetChildDomain (652ms)
		EndReloadAssembly (8733ms)
			LoadAssemblies (317ms)
			RebuildTransferFunctionScriptingTraits (0ms)
			SetupTypeCache (2565ms)
			ReleaseScriptCaches (3ms)
			RebuildScriptCaches (617ms)
			SetupLoadedEditorAssemblies (3958ms)
				LogAssemblyErrors (0ms)
				InitializePlatformSupportModulesInManaged (162ms)
				SetLoadedEditorAssemblies (8ms)
				RefreshPlugins (2ms)
				BeforeProcessingInitializeOnLoad (619ms)
				ProcessInitializeOnLoadAttributes (2714ms)
				ProcessInitializeOnLoadMethodAttributes (413ms)
				AfterProcessingInitializeOnLoad (35ms)
				EditorAssembliesLoaded (6ms)
			ExecutionOrderSort2 (0ms)
			AwakeInstancesAfterBackupRestoration (67ms)
Platform modules already initialized, skipping
Refreshing native plugins compatible for Editor in 7.13 ms, found 2 plugins.
Preloading 0 native plugins for Editor in 0.00 ms.
Unloading 1789 Unused Serialized files (Serialized files now loaded: 0)
Unloading 14 unused Assets / (415.5 KB). Loaded Objects now: 2407.
Memory consumption went from 105.1 MB to 104.7 MB.
Total: 8.387800 ms (FindLiveObjects: 0.362700 ms CreateObjectMapping: 0.254300 ms MarkObjects: 6.779300 ms  DeleteObjects: 0.988500 ms)

AssetImportParameters requested are different than current active one (requested -> active):
  custom:video-decoder-ogg-theora: a1e56fd34408186e4bbccfd4996cb3dc -> 
  custom:container-muxer-webm: aa71ff27fc2769a1b78a27578f13a17b -> 
  custom:container-demuxer-webm: 4f35f7cbe854078d1ac9338744f61a02 -> 
  custom:video-encoder-webm-vp8: eb34c28f22e8b96e1ab97ce403110664 -> 
  custom:video-codec-MediaFoundation-h265: 746d11721c4dcdbdad8f713fa42b33f4 -> 
  custom:audio-encoder-webm-vorbis: bf7c407c2cedff20999df2af8eb42d56 -> 
  custom:framework-win-MediaFoundation: 216162199b28c13a410421893ffa2e32 -> 
  custom:container-demuxer-ogg: 62fdf1f143b41e24485cea50d1cbac27 -> 
  custom:video-decoder-webm-vp8: 9c59270c3fd7afecdb556c50c9e8de78 -> 
  custom:audio-decoder-ogg-vorbis: bf7c407c2cedff20999df2af8eb42d56 -> 
========================================================================
Received Import Request.
  Time since last request: 54.399010 seconds.
  path: Assets/Script/Level/FullHealthCollect.cs
  artifactKey: Guid(8b623d466e3c2ea4f88f4566ac8a9c9e) Importer(815301076,1909f56bfc062723c751e8b465ee728b)
Start importing Assets/Script/Level/FullHealthCollect.cs using Guid(8b623d466e3c2ea4f88f4566ac8a9c9e) Importer(815301076,1909f56bfc062723c751e8b465ee728b)  -> (artifact id: 'fb605d5d4ee58a2f1fd13bffd1d03e51') in 0.029797 seconds 
========================================================================
Received Prepare
Registering precompiled user dll's ...
Registered in 0.005541 seconds.
Begin MonoManager ReloadAssembly
Native extension for UWP target not found
Native extension for WindowsStandalone target not found
Refreshing native plugins compatible for Editor in 1.11 ms, found 2 plugins.
Preloading 0 native plugins for Editor in 0.00 ms.
Mono: successfully reloaded assembly
- Completed reload, in 11.054 seconds
Domain Reload Profiling:
	ReloadAssembly (11061ms)
		BeginReloadAssembly (2120ms)
			ExecutionOrderSort (0ms)
			DisableScriptedObjects (71ms)
			BackupInstance (0ms)
			ReleaseScriptingObjects (0ms)
			CreateAndSetChildDomain (1427ms)
		EndReloadAssembly (6828ms)
			LoadAssemblies (508ms)
			RebuildTransferFunctionScriptingTraits (0ms)
			SetupTypeCache (3733ms)
			ReleaseScriptCaches (1ms)
			RebuildScriptCaches (316ms)
			SetupLoadedEditorAssemblies (1851ms)
				LogAssemblyErrors (0ms)
				InitializePlatformSupportModulesInManaged (80ms)
				SetLoadedEditorAssemblies (7ms)
				RefreshPlugins (1ms)
				BeforeProcessingInitializeOnLoad (415ms)
				ProcessInitializeOnLoadAttributes (1168ms)
				ProcessInitializeOnLoadMethodAttributes (164ms)
				AfterProcessingInitializeOnLoad (14ms)
				EditorAssembliesLoaded (2ms)
			ExecutionOrderSort2 (0ms)
			AwakeInstancesAfterBackupRestoration (35ms)
Platform modules already initialized, skipping
Refreshing native plugins compatible for Editor in 2.60 ms, found 2 plugins.
Preloading 0 native plugins for Editor in 0.00 ms.
Unloading 1789 Unused Serialized files (Serialized files now loaded: 0)
Unloading 14 unused Assets / (415.3 KB). Loaded Objects now: 2410.
Memory consumption went from 105.1 MB to 104.7 MB.
Total: 14.220700 ms (FindLiveObjects: 4.020700 ms CreateObjectMapping: 0.425100 ms MarkObjects: 9.337800 ms  DeleteObjects: 0.435000 ms)

AssetImportParameters requested are different than current active one (requested -> active):
  custom:video-decoder-ogg-theora: a1e56fd34408186e4bbccfd4996cb3dc -> 
  custom:container-muxer-webm: aa71ff27fc2769a1b78a27578f13a17b -> 
  custom:container-demuxer-webm: 4f35f7cbe854078d1ac9338744f61a02 -> 
  custom:video-encoder-webm-vp8: eb34c28f22e8b96e1ab97ce403110664 -> 
  custom:video-codec-MediaFoundation-h265: 746d11721c4dcdbdad8f713fa42b33f4 -> 
  custom:audio-encoder-webm-vorbis: bf7c407c2cedff20999df2af8eb42d56 -> 
  custom:framework-win-MediaFoundation: 216162199b28c13a410421893ffa2e32 -> 
  custom:container-demuxer-ogg: 62fdf1f143b41e24485cea50d1cbac27 -> 
  custom:video-decoder-webm-vp8: 9c59270c3fd7afecdb556c50c9e8de78 -> 
  custom:audio-decoder-ogg-vorbis: bf7c407c2cedff20999df2af8eb42d56 -> 
========================================================================
Received Import Request.
  Time since last request: 369.175062 seconds.
  path: Assets/DigitalKonstrukt
  artifactKey: Guid(620a0709ed54cd8439df9793a50c982a) Importer(815301076,1909f56bfc062723c751e8b465ee728b)
Start importing Assets/DigitalKonstrukt using Guid(620a0709ed54cd8439df9793a50c982a) Importer(815301076,1909f56bfc062723c751e8b465ee728b)  -> (artifact id: 'e0d1e2b798ba879bbe93aaee4a63b5dd') in 0.020812 seconds 
========================================================================
Received Import Request.
  Time since last request: 8.917393 seconds.
  path: Assets/Asset/Import/DigitalKonstrukt/Can
  artifactKey: Guid(0375450022529164dbb9ab46c0b27c8d) Importer(815301076,1909f56bfc062723c751e8b465ee728b)
Start importing Assets/Asset/Import/DigitalKonstrukt/Can using Guid(0375450022529164dbb9ab46c0b27c8d) Importer(815301076,1909f56bfc062723c751e8b465ee728b)  -> (artifact id: '0066dd7fc1d2f9c6eca40e26f7944439') in 0.052938 seconds 
========================================================================
Received Import Request.
  Time since last request: 0.529820 seconds.
  path: Assets/Asset/Import/DigitalKonstrukt/Can/Resources
  artifactKey: Guid(e3713c14a966cde42b26304b52f09f12) Importer(815301076,1909f56bfc062723c751e8b465ee728b)
Start importing Assets/Asset/Import/DigitalKonstrukt/Can/Resources using Guid(e3713c14a966cde42b26304b52f09f12) Importer(815301076,1909f56bfc062723c751e8b465ee728b)  -> (artifact id: '50300e79b05604fda4f505e0b917bca5') in 0.010379 seconds 
========================================================================
Received Import Request.
  Time since last request: 1.211912 seconds.
  path: Assets/Asset/Import/DigitalKonstrukt/Can/Resources/Prefabs
  artifactKey: Guid(f82c0960e5e63944ba3a06f3c68d5b3f) Importer(815301076,1909f56bfc062723c751e8b465ee728b)
Start importing Assets/Asset/Import/DigitalKonstrukt/Can/Resources/Prefabs using Guid(f82c0960e5e63944ba3a06f3c68d5b3f) Importer(815301076,1909f56bfc062723c751e8b465ee728b)  -> (artifact id: 'e9a58f0324649e1744f8fe14ed0c082a') in 0.044421 seconds 
========================================================================
Received Import Request.
  Time since last request: 0.000555 seconds.
  path: Assets/Asset/Import/DigitalKonstrukt/Can/Resources/Prefabs/Can_1.prefab
  artifactKey: Guid(6fbeeda97cbb4e84c9bb0180938aba76) Importer(815301076,1909f56bfc062723c751e8b465ee728b)
Start importing Assets/Asset/Import/DigitalKonstrukt/Can/Resources/Prefabs/Can_1.prefab using Guid(6fbeeda97cbb4e84c9bb0180938aba76) Importer(815301076,1909f56bfc062723c751e8b465ee728b)  -> (artifact id: 'c90517a5dfb5556bbb6230ad3ab93b6a') in 0.555023 seconds 
========================================================================
Received Import Request.
  Time since last request: 0.000162 seconds.
  path: Assets/Asset/Import/DigitalKonstrukt/Can/Resources/Prefabs/Can_3.prefab
  artifactKey: Guid(f11cc9e6e7553224ea19d6a2022331c8) Importer(815301076,1909f56bfc062723c751e8b465ee728b)
Start importing Assets/Asset/Import/DigitalKonstrukt/Can/Resources/Prefabs/Can_3.prefab using Guid(f11cc9e6e7553224ea19d6a2022331c8) Importer(815301076,1909f56bfc062723c751e8b465ee728b)  -> (artifact id: 'a4824f9f6246463a454ee0112427372c') in 0.072886 seconds 
========================================================================
Received Import Request.
  Time since last request: 0.000074 seconds.
  path: Assets/Asset/Import/DigitalKonstrukt/Can/Resources/Prefabs/Can_2.prefab
  artifactKey: Guid(7b7ed779076a711439b117150f31a519) Importer(815301076,1909f56bfc062723c751e8b465ee728b)
Start importing Assets/Asset/Import/DigitalKonstrukt/Can/Resources/Prefabs/Can_2.prefab using Guid(7b7ed779076a711439b117150f31a519) Importer(815301076,1909f56bfc062723c751e8b465ee728b)  -> (artifact id: 'd84ae07fa746fcee1336dc3c4656db76') in 0.051996 seconds 
========================================================================
Received Import Request.
  Time since last request: 508.448412 seconds.
  path: Assets/Script/Level/Per10HealthCollect.cs
  artifactKey: Guid(72e086aa46210354f831e9613fdc002b) Importer(815301076,1909f56bfc062723c751e8b465ee728b)
Start importing Assets/Script/Level/Per10HealthCollect.cs using Guid(72e086aa46210354f831e9613fdc002b) Importer(815301076,1909f56bfc062723c751e8b465ee728b)  -> (artifact id: '7b824de36647ca35d787e6801e57fb50') in 0.010480 seconds 
========================================================================
Received Prepare
Registering precompiled user dll's ...
Registered in 0.007212 seconds.
Begin MonoManager ReloadAssembly
Native extension for UWP target not found
Native extension for WindowsStandalone target not found
Refreshing native plugins compatible for Editor in 0.78 ms, found 2 plugins.
Preloading 0 native plugins for Editor in 0.00 ms.
Mono: successfully reloaded assembly
- Completed reload, in  9.360 seconds
Domain Reload Profiling:
	ReloadAssembly (9364ms)
		BeginReloadAssembly (1103ms)
			ExecutionOrderSort (0ms)
			DisableScriptedObjects (40ms)
			BackupInstance (0ms)
			ReleaseScriptingObjects (0ms)
			CreateAndSetChildDomain (654ms)
		EndReloadAssembly (7261ms)
			LoadAssemblies (298ms)
			RebuildTransferFunctionScriptingTraits (0ms)
			SetupTypeCache (3457ms)
			ReleaseScriptCaches (2ms)
			RebuildScriptCaches (673ms)
			SetupLoadedEditorAssemblies (2198ms)
				LogAssemblyErrors (0ms)
				InitializePlatformSupportModulesInManaged (77ms)
				SetLoadedEditorAssemblies (3ms)
				RefreshPlugins (1ms)
				BeforeProcessingInitializeOnLoad (334ms)
				ProcessInitializeOnLoadAttributes (1524ms)
				ProcessInitializeOnLoadMethodAttributes (238ms)
				AfterProcessingInitializeOnLoad (19ms)
				EditorAssembliesLoaded (2ms)
			ExecutionOrderSort2 (0ms)
			AwakeInstancesAfterBackupRestoration (40ms)
Platform modules already initialized, skipping
Refreshing native plugins compatible for Editor in 3.15 ms, found 2 plugins.
Preloading 0 native plugins for Editor in 0.00 ms.
Unloading 1790 Unused Serialized files (Serialized files now loaded: 0)
Unloading 14 unused Assets / (415.6 KB). Loaded Objects now: 2414.
Memory consumption went from 105.2 MB to 104.8 MB.
Total: 4.891700 ms (FindLiveObjects: 0.222200 ms CreateObjectMapping: 0.088900 ms MarkObjects: 4.220600 ms  DeleteObjects: 0.355300 ms)

AssetImportParameters requested are different than current active one (requested -> active):
  custom:video-decoder-ogg-theora: a1e56fd34408186e4bbccfd4996cb3dc -> 
  custom:container-muxer-webm: aa71ff27fc2769a1b78a27578f13a17b -> 
  custom:container-demuxer-webm: 4f35f7cbe854078d1ac9338744f61a02 -> 
  custom:video-encoder-webm-vp8: eb34c28f22e8b96e1ab97ce403110664 -> 
  custom:video-codec-MediaFoundation-h265: 746d11721c4dcdbdad8f713fa42b33f4 -> 
  custom:audio-encoder-webm-vorbis: bf7c407c2cedff20999df2af8eb42d56 -> 
  custom:framework-win-MediaFoundation: 216162199b28c13a410421893ffa2e32 -> 
  custom:container-demuxer-ogg: 62fdf1f143b41e24485cea50d1cbac27 -> 
  custom:video-decoder-webm-vp8: 9c59270c3fd7afecdb556c50c9e8de78 -> 
  custom:audio-decoder-ogg-vorbis: bf7c407c2cedff20999df2af8eb42d56 -> 
========================================================================
Received Prepare
Registering precompiled user dll's ...
Registered in 0.005525 seconds.
Begin MonoManager ReloadAssembly
Native extension for UWP target not found
Native extension for WindowsStandalone target not found
Refreshing native plugins compatible for Editor in 0.73 ms, found 2 plugins.
Preloading 0 native plugins for Editor in 0.00 ms.
Mono: successfully reloaded assembly
- Completed reload, in  9.185 seconds
Domain Reload Profiling:
	ReloadAssembly (9189ms)
		BeginReloadAssembly (1701ms)
			ExecutionOrderSort (0ms)
			DisableScriptedObjects (52ms)
			BackupInstance (0ms)
			ReleaseScriptingObjects (0ms)
			CreateAndSetChildDomain (1042ms)
		EndReloadAssembly (5917ms)
			LoadAssemblies (448ms)
			RebuildTransferFunctionScriptingTraits (0ms)
			SetupTypeCache (2863ms)
			ReleaseScriptCaches (1ms)
			RebuildScriptCaches (288ms)
			SetupLoadedEditorAssemblies (1934ms)
				LogAssemblyErrors (0ms)
				InitializePlatformSupportModulesInManaged (78ms)
				SetLoadedEditorAssemblies (4ms)
				RefreshPlugins (1ms)
				BeforeProcessingInitializeOnLoad (313ms)
				ProcessInitializeOnLoadAttributes (1324ms)
				ProcessInitializeOnLoadMethodAttributes (197ms)
				AfterProcessingInitializeOnLoad (16ms)
				EditorAssembliesLoaded (2ms)
			ExecutionOrderSort2 (0ms)
			AwakeInstancesAfterBackupRestoration (36ms)
Platform modules already initialized, skipping
Refreshing native plugins compatible for Editor in 3.84 ms, found 2 plugins.
Preloading 0 native plugins for Editor in 0.00 ms.
Unloading 1790 Unused Serialized files (Serialized files now loaded: 0)
Unloading 14 unused Assets / (415.5 KB). Loaded Objects now: 2417.
Memory consumption went from 105.2 MB to 104.8 MB.
Total: 6.906700 ms (FindLiveObjects: 2.513500 ms CreateObjectMapping: 0.203600 ms MarkObjects: 3.833400 ms  DeleteObjects: 0.353300 ms)

AssetImportParameters requested are different than current active one (requested -> active):
  custom:video-decoder-ogg-theora: a1e56fd34408186e4bbccfd4996cb3dc -> 
  custom:container-muxer-webm: aa71ff27fc2769a1b78a27578f13a17b -> 
  custom:container-demuxer-webm: 4f35f7cbe854078d1ac9338744f61a02 -> 
  custom:video-encoder-webm-vp8: eb34c28f22e8b96e1ab97ce403110664 -> 
  custom:video-codec-MediaFoundation-h265: 746d11721c4dcdbdad8f713fa42b33f4 -> 
  custom:audio-encoder-webm-vorbis: bf7c407c2cedff20999df2af8eb42d56 -> 
  custom:framework-win-MediaFoundation: 216162199b28c13a410421893ffa2e32 -> 
  custom:container-demuxer-ogg: 62fdf1f143b41e24485cea50d1cbac27 -> 
  custom:video-decoder-webm-vp8: 9c59270c3fd7afecdb556c50c9e8de78 -> 
  custom:audio-decoder-ogg-vorbis: bf7c407c2cedff20999df2af8eb42d56 -> 
========================================================================
Received Import Request.
  Time since last request: 98.956313 seconds.
  path: Assets/Script/Level/Per10HealthCollect.cs
  artifactKey: Guid(72e086aa46210354f831e9613fdc002b) Importer(815301076,1909f56bfc062723c751e8b465ee728b)
Start importing Assets/Script/Level/Per10HealthCollect.cs using Guid(72e086aa46210354f831e9613fdc002b) Importer(815301076,1909f56bfc062723c751e8b465ee728b)  -> (artifact id: '634ef6fefc7a233a5f8596aabba0c16b') in 0.010257 seconds 
========================================================================
Received Prepare
Registering precompiled user dll's ...
Registered in 0.006296 seconds.
Begin MonoManager ReloadAssembly
Native extension for UWP target not found
Native extension for WindowsStandalone target not found
Refreshing native plugins compatible for Editor in 0.76 ms, found 2 plugins.
Preloading 0 native plugins for Editor in 0.00 ms.
Mono: successfully reloaded assembly
- Completed reload, in  8.531 seconds
Domain Reload Profiling:
	ReloadAssembly (8537ms)
		BeginReloadAssembly (1468ms)
			ExecutionOrderSort (0ms)
			DisableScriptedObjects (49ms)
			BackupInstance (0ms)
			ReleaseScriptingObjects (0ms)
			CreateAndSetChildDomain (893ms)
		EndReloadAssembly (5777ms)
			LoadAssemblies (406ms)
			RebuildTransferFunctionScriptingTraits (0ms)
			SetupTypeCache (2585ms)
			ReleaseScriptCaches (1ms)
			RebuildScriptCaches (302ms)
			SetupLoadedEditorAssemblies (1924ms)
				LogAssemblyErrors (0ms)
				InitializePlatformSupportModulesInManaged (125ms)
				SetLoadedEditorAssemblies (3ms)
				RefreshPlugins (1ms)
				BeforeProcessingInitializeOnLoad (291ms)
				ProcessInitializeOnLoadAttributes (1290ms)
				ProcessInitializeOnLoadMethodAttributes (198ms)
				AfterProcessingInitializeOnLoad (15ms)
				EditorAssembliesLoaded (1ms)
			ExecutionOrderSort2 (0ms)
			AwakeInstancesAfterBackupRestoration (34ms)
Platform modules already initialized, skipping
Refreshing native plugins compatible for Editor in 2.12 ms, found 2 plugins.
Preloading 0 native plugins for Editor in 0.00 ms.
Unloading 1790 Unused Serialized files (Serialized files now loaded: 0)
Unloading 14 unused Assets / (423.6 KB). Loaded Objects now: 2420.
Memory consumption went from 105.2 MB to 104.8 MB.
Total: 3.308200 ms (FindLiveObjects: 0.207800 ms CreateObjectMapping: 0.083300 ms MarkObjects: 2.623800 ms  DeleteObjects: 0.392100 ms)

AssetImportParameters requested are different than current active one (requested -> active):
  custom:video-decoder-ogg-theora: a1e56fd34408186e4bbccfd4996cb3dc -> 
  custom:container-muxer-webm: aa71ff27fc2769a1b78a27578f13a17b -> 
  custom:container-demuxer-webm: 4f35f7cbe854078d1ac9338744f61a02 -> 
  custom:video-encoder-webm-vp8: eb34c28f22e8b96e1ab97ce403110664 -> 
  custom:video-codec-MediaFoundation-h265: 746d11721c4dcdbdad8f713fa42b33f4 -> 
  custom:audio-encoder-webm-vorbis: bf7c407c2cedff20999df2af8eb42d56 -> 
  custom:framework-win-MediaFoundation: 216162199b28c13a410421893ffa2e32 -> 
  custom:container-demuxer-ogg: 62fdf1f143b41e24485cea50d1cbac27 -> 
  custom:video-decoder-webm-vp8: 9c59270c3fd7afecdb556c50c9e8de78 -> 
  custom:audio-decoder-ogg-vorbis: bf7c407c2cedff20999df2af8eb42d56 -> 
========================================================================
Received Prepare
Registering precompiled user dll's ...
Registered in 0.007664 seconds.
Begin MonoManager ReloadAssembly
Native extension for UWP target not found
Native extension for WindowsStandalone target not found
Refreshing native plugins compatible for Editor in 1.07 ms, found 2 plugins.
Preloading 0 native plugins for Editor in 0.00 ms.
Mono: successfully reloaded assembly
- Completed reload, in  7.555 seconds
Domain Reload Profiling:
	ReloadAssembly (7559ms)
		BeginReloadAssembly (1298ms)
			ExecutionOrderSort (0ms)
			DisableScriptedObjects (41ms)
			BackupInstance (0ms)
			ReleaseScriptingObjects (0ms)
			CreateAndSetChildDomain (802ms)
		EndReloadAssembly (5005ms)
			LoadAssemblies (338ms)
			RebuildTransferFunctionScriptingTraits (0ms)
			SetupTypeCache (2732ms)
			ReleaseScriptCaches (1ms)
			RebuildScriptCaches (218ms)
			SetupLoadedEditorAssemblies (1418ms)
				LogAssemblyErrors (0ms)
				InitializePlatformSupportModulesInManaged (70ms)
				SetLoadedEditorAssemblies (3ms)
				RefreshPlugins (1ms)
				BeforeProcessingInitializeOnLoad (228ms)
				ProcessInitializeOnLoadAttributes (959ms)
				ProcessInitializeOnLoadMethodAttributes (145ms)
				AfterProcessingInitializeOnLoad (12ms)
				EditorAssembliesLoaded (1ms)
			ExecutionOrderSort2 (0ms)
			AwakeInstancesAfterBackupRestoration (25ms)
Platform modules already initialized, skipping
Refreshing native plugins compatible for Editor in 2.37 ms, found 2 plugins.
Preloading 0 native plugins for Editor in 0.00 ms.
Unloading 1790 Unused Serialized files (Serialized files now loaded: 0)
Unloading 14 unused Assets / (415.3 KB). Loaded Objects now: 2423.
Memory consumption went from 105.2 MB to 104.8 MB.
Total: 3.886600 ms (FindLiveObjects: 0.207700 ms CreateObjectMapping: 0.094900 ms MarkObjects: 3.232600 ms  DeleteObjects: 0.350100 ms)

AssetImportParameters requested are different than current active one (requested -> active):
  custom:video-decoder-ogg-theora: a1e56fd34408186e4bbccfd4996cb3dc -> 
  custom:container-muxer-webm: aa71ff27fc2769a1b78a27578f13a17b -> 
  custom:container-demuxer-webm: 4f35f7cbe854078d1ac9338744f61a02 -> 
  custom:video-encoder-webm-vp8: eb34c28f22e8b96e1ab97ce403110664 -> 
  custom:video-codec-MediaFoundation-h265: 746d11721c4dcdbdad8f713fa42b33f4 -> 
  custom:audio-encoder-webm-vorbis: bf7c407c2cedff20999df2af8eb42d56 -> 
  custom:framework-win-MediaFoundation: 216162199b28c13a410421893ffa2e32 -> 
  custom:container-demuxer-ogg: 62fdf1f143b41e24485cea50d1cbac27 -> 
  custom:video-decoder-webm-vp8: 9c59270c3fd7afecdb556c50c9e8de78 -> 
  custom:audio-decoder-ogg-vorbis: bf7c407c2cedff20999df2af8eb42d56 -> 
========================================================================
Received Import Request.
  Time since last request: 1552.786434 seconds.
  path: Assets/Script/Enemy/EnemyAI.cs
  artifactKey: Guid(94236faa26f5b9f4c81aabbbb4b37420) Importer(815301076,1909f56bfc062723c751e8b465ee728b)
Start importing Assets/Script/Enemy/EnemyAI.cs using Guid(94236faa26f5b9f4c81aabbbb4b37420) Importer(815301076,1909f56bfc062723c751e8b465ee728b)  -> (artifact id: '4e537304193496871ca3929b35873d7d') in 0.025424 seconds 
========================================================================
Received Prepare
Registering precompiled user dll's ...
Registered in 0.006678 seconds.
Begin MonoManager ReloadAssembly
Native extension for UWP target not found
Native extension for WindowsStandalone target not found
Refreshing native plugins compatible for Editor in 2.66 ms, found 2 plugins.
Preloading 0 native plugins for Editor in 0.00 ms.
Mono: successfully reloaded assembly
- Completed reload, in 15.727 seconds
Domain Reload Profiling:
	ReloadAssembly (15735ms)
		BeginReloadAssembly (1861ms)
			ExecutionOrderSort (0ms)
			DisableScriptedObjects (80ms)
			BackupInstance (0ms)
			ReleaseScriptingObjects (0ms)
			CreateAndSetChildDomain (1113ms)
		EndReloadAssembly (12190ms)
			LoadAssemblies (487ms)
			RebuildTransferFunctionScriptingTraits (0ms)
			SetupTypeCache (3629ms)
			ReleaseScriptCaches (4ms)
			RebuildScriptCaches (1299ms)
			SetupLoadedEditorAssemblies (5084ms)
				LogAssemblyErrors (0ms)
				InitializePlatformSupportModulesInManaged (197ms)
				SetLoadedEditorAssemblies (10ms)
				RefreshPlugins (3ms)
				BeforeProcessingInitializeOnLoad (751ms)
				ProcessInitializeOnLoadAttributes (3591ms)
				ProcessInitializeOnLoadMethodAttributes (474ms)
				AfterProcessingInitializeOnLoad (52ms)
				EditorAssembliesLoaded (6ms)
			ExecutionOrderSort2 (0ms)
			AwakeInstancesAfterBackupRestoration (88ms)
Platform modules already initialized, skipping
Refreshing native plugins compatible for Editor in 5.91 ms, found 2 plugins.
Preloading 0 native plugins for Editor in 0.00 ms.
Unloading 1790 Unused Serialized files (Serialized files now loaded: 0)
Unloading 14 unused Assets / (384.1 KB). Loaded Objects now: 2426.
Memory consumption went from 105.2 MB to 104.8 MB.
Total: 25.512200 ms (FindLiveObjects: 0.492500 ms CreateObjectMapping: 1.625800 ms MarkObjects: 19.822500 ms  DeleteObjects: 3.568200 ms)

AssetImportParameters requested are different than current active one (requested -> active):
  custom:video-decoder-ogg-theora: a1e56fd34408186e4bbccfd4996cb3dc -> 
  custom:container-muxer-webm: aa71ff27fc2769a1b78a27578f13a17b -> 
  custom:container-demuxer-webm: 4f35f7cbe854078d1ac9338744f61a02 -> 
  custom:video-encoder-webm-vp8: eb34c28f22e8b96e1ab97ce403110664 -> 
  custom:video-codec-MediaFoundation-h265: 746d11721c4dcdbdad8f713fa42b33f4 -> 
  custom:audio-encoder-webm-vorbis: bf7c407c2cedff20999df2af8eb42d56 -> 
  custom:framework-win-MediaFoundation: 216162199b28c13a410421893ffa2e32 -> 
  custom:container-demuxer-ogg: 62fdf1f143b41e24485cea50d1cbac27 -> 
  custom:video-decoder-webm-vp8: 9c59270c3fd7afecdb556c50c9e8de78 -> 
  custom:audio-decoder-ogg-vorbis: bf7c407c2cedff20999df2af8eb42d56 -> 
========================================================================
Received Prepare
Registering precompiled user dll's ...
Registered in 0.005836 seconds.
Begin MonoManager ReloadAssembly
Native extension for UWP target not found
Native extension for WindowsStandalone target not found
Refreshing native plugins compatible for Editor in 4.08 ms, found 2 plugins.
Preloading 0 native plugins for Editor in 0.00 ms.
Mono: successfully reloaded assembly
- Completed reload, in 16.822 seconds
Domain Reload Profiling:
	ReloadAssembly (16828ms)
		BeginReloadAssembly (1187ms)
			ExecutionOrderSort (0ms)
			DisableScriptedObjects (45ms)
			BackupInstance (0ms)
			ReleaseScriptingObjects (0ms)
			CreateAndSetChildDomain (710ms)
		EndReloadAssembly (14618ms)
			LoadAssemblies (310ms)
			RebuildTransferFunctionScriptingTraits (0ms)
			SetupTypeCache (4203ms)
			ReleaseScriptCaches (6ms)
			RebuildScriptCaches (1145ms)
			SetupLoadedEditorAssemblies (6651ms)
				LogAssemblyErrors (0ms)
				InitializePlatformSupportModulesInManaged (275ms)
				SetLoadedEditorAssemblies (16ms)
				RefreshPlugins (4ms)
				BeforeProcessingInitializeOnLoad (1097ms)
				ProcessInitializeOnLoadAttributes (4288ms)
				ProcessInitializeOnLoadMethodAttributes (891ms)
				AfterProcessingInitializeOnLoad (70ms)
				EditorAssembliesLoaded (9ms)
			ExecutionOrderSort2 (0ms)
			AwakeInstancesAfterBackupRestoration (119ms)
Platform modules already initialized, skipping
Refreshing native plugins compatible for Editor in 5.05 ms, found 2 plugins.
Preloading 0 native plugins for Editor in 0.00 ms.
Unloading 1790 Unused Serialized files (Serialized files now loaded: 0)
Unloading 14 unused Assets / (415.6 KB). Loaded Objects now: 2429.
Memory consumption went from 105.3 MB to 104.9 MB.
Total: 4.689600 ms (FindLiveObjects: 0.218300 ms CreateObjectMapping: 0.153700 ms MarkObjects: 3.907200 ms  DeleteObjects: 0.409000 ms)

AssetImportParameters requested are different than current active one (requested -> active):
  custom:video-decoder-ogg-theora: a1e56fd34408186e4bbccfd4996cb3dc -> 
  custom:container-muxer-webm: aa71ff27fc2769a1b78a27578f13a17b -> 
  custom:container-demuxer-webm: 4f35f7cbe854078d1ac9338744f61a02 -> 
  custom:video-encoder-webm-vp8: eb34c28f22e8b96e1ab97ce403110664 -> 
  custom:video-codec-MediaFoundation-h265: 746d11721c4dcdbdad8f713fa42b33f4 -> 
  custom:audio-encoder-webm-vorbis: bf7c407c2cedff20999df2af8eb42d56 -> 
  custom:framework-win-MediaFoundation: 216162199b28c13a410421893ffa2e32 -> 
  custom:container-demuxer-ogg: 62fdf1f143b41e24485cea50d1cbac27 -> 
  custom:video-decoder-webm-vp8: 9c59270c3fd7afecdb556c50c9e8de78 -> 
  custom:audio-decoder-ogg-vorbis: bf7c407c2cedff20999df2af8eb42d56 -> 
